2013-12-10 13:07:28,052 INFO  [ TestContextManager.java             : 185 : retrieveTestExecutionListeners ] - @TestExecutionListeners is not present for class [class tc.lv.dao.implementations.CountryDaoImplTest]: using defaults.
2013-12-10 13:07:28,304 INFO  [ XmlBeanDefinitionReader.java        : 315 : loadBeanDefinitions  ] - Loading XML bean definitions from URL [file:src/main/webapp/WEB-INF/spring/root-context.xml]
2013-12-10 13:07:28,641 INFO  [ ClassPathScanningCandidateComponentProvider.java : 210 : registerDefaultFilters ] - JSR-330 'javax.inject.Named' annotation found and supported for component scanning
2013-12-10 13:07:28,697 INFO  [ ClassPathScanningCandidateComponentProvider.java : 210 : registerDefaultFilters ] - JSR-330 'javax.inject.Named' annotation found and supported for component scanning
2013-12-10 13:07:28,746 INFO  [ AbstractApplicationContext.java     : 495 : prepareRefresh       ] - Refreshing org.springframework.context.support.GenericApplicationContext@2aa20aac: startup date [Tue Dec 10 13:07:28 EET 2013]; root of context hierarchy
2013-12-10 13:07:28,879 INFO  [ AutowiredAnnotationBeanPostProcessor.java : 139 : <init>               ] - JSR-330 'javax.inject.Inject' annotation found and supported for autowiring
2013-12-10 13:07:28,976 INFO  [ DefaultListableBeanFactory.java     : 557 : preInstantiateSingletons ] - Pre-instantiating singletons in org.springframework.beans.factory.support.DefaultListableBeanFactory@5da1fbed: defining beans [org.springframework.context.annotation.internalConfigurationAnnotationProcessor,org.springframework.context.annotation.internalAutowiredAnnotationProcessor,org.springframework.context.annotation.internalRequiredAnnotationProcessor,org.springframework.context.annotation.internalCommonAnnotationProcessor,org.springframework.context.annotation.internalPersistenceAnnotationProcessor,org.springframework.aop.config.internalAutoProxyCreator,org.springframework.transaction.annotation.AnnotationTransactionAttributeSource#0,org.springframework.transaction.interceptor.TransactionInterceptor#0,org.springframework.transaction.config.internalTransactionAdvisor,entityManagerFactory,transactionManager,cityDaoImpl,countryDaoImpl,ipAddressDaoImpl,paginationSettingsDaoImpl,parserDaoImpl,sourceDaoImpl,unzipperDaoImpl,userDaoImpl,assembler,geoIpServiceImpl,ipAddressSaveDetailsServiceImpl,ipAddressServiceImpl,ipStatusListServiceImpl,jsonServiceImpl,locationServiceImpl,paginationServiceImpl,parserResultServiceImpl,sourceDownloaderServiceImpl,sourceServiceImpl,userDetailsService,userServiceImpl,org.springframework.context.annotation.ConfigurationClassPostProcessor$ImportAwareBeanPostProcessor#0]; root of factory hierarchy
2013-12-10 13:07:29,126 INFO  [ LocalContainerEntityManagerFactoryBean.java : 264 : createNativeEntityManagerFactory ] - Building JPA container EntityManagerFactory for persistence unit 'primary'
2013-12-10 13:07:29,473 INFO  [ Version.java                        : 37  : <clinit>             ] - HCANN000001: Hibernate Commons Annotations {4.0.1.Final}
2013-12-10 13:07:29,485 INFO  [ Version.java                        : 41  : logVersion           ] - HHH000412: Hibernate Core {4.2.1.Final}
2013-12-10 13:07:29,489 INFO  [ Environment.java                    : 239 : <clinit>             ] - HHH000206: hibernate.properties not found
2013-12-10 13:07:29,492 INFO  [ Environment.java                    : 342 : buildBytecodeProvider ] - HHH000021: Bytecode provider name : javassist
2013-12-10 13:07:29,529 INFO  [ Ejb3Configuration.java              : 528 : configure            ] - HHH000204: Processing PersistenceUnitInfo [
	name: primary
	...]
2013-12-10 13:07:30,135 INFO  [ DriverManagerConnectionProviderImpl.java : 98  : configure            ] - HHH000402: Using Hibernate built-in connection pool (not for production use!)
2013-12-10 13:07:30,157 INFO  [ DriverManagerConnectionProviderImpl.java : 134 : configure            ] - HHH000115: Hibernate connection pool size: 20
2013-12-10 13:07:30,157 INFO  [ DriverManagerConnectionProviderImpl.java : 137 : configure            ] - HHH000006: Autocommit mode: true
2013-12-10 13:07:30,158 INFO  [ DriverManagerConnectionProviderImpl.java : 151 : configure            ] - HHH000401: using driver [net.sourceforge.jtds.jdbc.Driver] at URL [jdbc:jtds:sqlserver://127.0.0.1;instance=SQLEXPRESS;DatabaseName=ip_addresses]
2013-12-10 13:07:30,159 INFO  [ DriverManagerConnectionProviderImpl.java : 156 : configure            ] - HHH000046: Connection properties: {user=andrew, password=****, autocommit=true, show_sql=true, release_mode=auto}
2013-12-10 13:07:36,505 INFO  [ Dialect.java                        : 128 : <init>               ] - HHH000400: Using dialect: org.hibernate.dialect.SQLServerDialect
2013-12-10 13:07:36,516 INFO  [ LobCreatorBuilder.java              : 94  : useContextualLobCreation ] - HHH000423: Disabling contextual LOB creation as JDBC driver reported JDBC version [3] less than 4
2013-12-10 13:07:36,529 INFO  [ TransactionFactoryInitiator.java    : 73  : initiateService      ] - HHH000268: Transaction strategy: org.hibernate.engine.transaction.internal.jdbc.JdbcTransactionFactory
2013-12-10 13:07:36,535 INFO  [ ASTQueryTranslatorFactory.java      : 48  : <init>               ] - HHH000397: Using ASTQueryTranslatorFactory
2013-12-10 13:07:38,191 INFO  [ TransactionalTestExecutionListener.java : 272 : startNewTransaction  ] - Began transaction (1): transaction manager [org.springframework.orm.jpa.JpaTransactionManager@406b058b]; rollback [true]
2013-12-10 13:07:38,248 INFO  [ TransactionalTestExecutionListener.java : 292 : endTransaction       ] - Rolled back transaction after test execution for test context [[TestContext@7bdeca58 testClass = CountryDaoImplTest, locations = array<String>['file:src/main/webapp/WEB-INF/spring/root-context.xml'], testInstance = tc.lv.dao.implementations.CountryDaoImplTest@5fb696f0, testMethod = updateCountry@CountryDaoImplTest, testException = [null]]]
2013-12-10 13:07:38,251 INFO  [ TransactionalTestExecutionListener.java : 272 : startNewTransaction  ] - Began transaction (2): transaction manager [org.springframework.orm.jpa.JpaTransactionManager@406b058b]; rollback [true]
2013-12-10 13:07:38,251 INFO  [ TransactionalTestExecutionListener.java : 292 : endTransaction       ] - Rolled back transaction after test execution for test context [[TestContext@7bdeca58 testClass = CountryDaoImplTest, locations = array<String>['file:src/main/webapp/WEB-INF/spring/root-context.xml'], testInstance = tc.lv.dao.implementations.CountryDaoImplTest@22dfab12, testMethod = test@CountryDaoImplTest, testException = [null]]]
2013-12-10 13:07:38,253 INFO  [ TransactionalTestExecutionListener.java : 272 : startNewTransaction  ] - Began transaction (3): transaction manager [org.springframework.orm.jpa.JpaTransactionManager@406b058b]; rollback [true]
2013-12-10 13:07:38,287 INFO  [ TransactionalTestExecutionListener.java : 292 : endTransaction       ] - Rolled back transaction after test execution for test context [[TestContext@7bdeca58 testClass = CountryDaoImplTest, locations = array<String>['file:src/main/webapp/WEB-INF/spring/root-context.xml'], testInstance = tc.lv.dao.implementations.CountryDaoImplTest@14d04dcd, testMethod = isCountryExists@CountryDaoImplTest, testException = [null]]]
2013-12-10 13:07:38,289 INFO  [ TransactionalTestExecutionListener.java : 272 : startNewTransaction  ] - Began transaction (4): transaction manager [org.springframework.orm.jpa.JpaTransactionManager@406b058b]; rollback [true]
2013-12-10 13:07:38,290 INFO  [ TransactionalTestExecutionListener.java : 292 : endTransaction       ] - Rolled back transaction after test execution for test context [[TestContext@7bdeca58 testClass = CountryDaoImplTest, locations = array<String>['file:src/main/webapp/WEB-INF/spring/root-context.xml'], testInstance = tc.lv.dao.implementations.CountryDaoImplTest@2b4f336b, testMethod = saveCountry@CountryDaoImplTest, testException = [null]]]
2013-12-10 13:07:38,292 INFO  [ AbstractApplicationContext.java     : 1020 : doClose              ] - Closing org.springframework.context.support.GenericApplicationContext@2aa20aac: startup date [Tue Dec 10 13:07:28 EET 2013]; root of context hierarchy
2013-12-10 13:07:38,293 INFO  [ DefaultSingletonBeanRegistry.java   : 433 : destroySingletons    ] - Destroying singletons in org.springframework.beans.factory.support.DefaultListableBeanFactory@5da1fbed: defining beans [org.springframework.context.annotation.internalConfigurationAnnotationProcessor,org.springframework.context.annotation.internalAutowiredAnnotationProcessor,org.springframework.context.annotation.internalRequiredAnnotationProcessor,org.springframework.context.annotation.internalCommonAnnotationProcessor,org.springframework.context.annotation.internalPersistenceAnnotationProcessor,org.springframework.aop.config.internalAutoProxyCreator,org.springframework.transaction.annotation.AnnotationTransactionAttributeSource#0,org.springframework.transaction.interceptor.TransactionInterceptor#0,org.springframework.transaction.config.internalTransactionAdvisor,entityManagerFactory,transactionManager,cityDaoImpl,countryDaoImpl,ipAddressDaoImpl,paginationSettingsDaoImpl,parserDaoImpl,sourceDaoImpl,unzipperDaoImpl,userDaoImpl,assembler,geoIpServiceImpl,ipAddressSaveDetailsServiceImpl,ipAddressServiceImpl,ipStatusListServiceImpl,jsonServiceImpl,locationServiceImpl,paginationServiceImpl,parserResultServiceImpl,sourceDownloaderServiceImpl,sourceServiceImpl,userDetailsService,userServiceImpl,org.springframework.context.annotation.ConfigurationClassPostProcessor$ImportAwareBeanPostProcessor#0]; root of factory hierarchy
2013-12-10 13:07:38,295 INFO  [ AbstractEntityManagerFactoryBean.java : 441 : destroy              ] - Closing JPA EntityManagerFactory for persistence unit 'primary'
2013-12-10 13:07:38,295 INFO  [ DriverManagerConnectionProviderImpl.java : 160 : stop                 ] - HHH000030: Cleaning up connection pool [jdbc:jtds:sqlserver://127.0.0.1;instance=SQLEXPRESS;DatabaseName=ip_addresses]
2013-12-10 13:32:21,839 INFO  [ TestContextManager.java             : 185 : retrieveTestExecutionListeners ] - @TestExecutionListeners is not present for class [class tc.lv.dao.implementations.PaginationSettingsDaoImplTest]: using defaults.
2013-12-10 13:32:21,872 INFO  [ TestContextManager.java             : 185 : retrieveTestExecutionListeners ] - @TestExecutionListeners is not present for class [class tc.lv.dao.implementations.UnzipperDaoImplTest]: using defaults.
2013-12-10 13:32:21,878 INFO  [ TestContextManager.java             : 185 : retrieveTestExecutionListeners ] - @TestExecutionListeners is not present for class [class tc.lv.dao.implementations.UserDaoImplTest]: using defaults.
2013-12-10 13:32:21,883 INFO  [ TestContextManager.java             : 185 : retrieveTestExecutionListeners ] - @TestExecutionListeners is not present for class [class tc.lv.dao.implementations.CountryDaoImplTest]: using defaults.
2013-12-10 13:32:21,891 INFO  [ TestContextManager.java             : 185 : retrieveTestExecutionListeners ] - @TestExecutionListeners is not present for class [class tc.lv.dao.implementations.CityDaoImplTest]: using defaults.
2013-12-10 13:32:21,895 INFO  [ TestContextManager.java             : 185 : retrieveTestExecutionListeners ] - @TestExecutionListeners is not present for class [class tc.lv.dao.implementations.SourceDaoImplTest]: using defaults.
2013-12-10 13:32:22,041 INFO  [ XmlBeanDefinitionReader.java        : 315 : loadBeanDefinitions  ] - Loading XML bean definitions from URL [file:src/main/webapp/WEB-INF/spring/root-context.xml]
2013-12-10 13:32:22,277 INFO  [ ClassPathScanningCandidateComponentProvider.java : 210 : registerDefaultFilters ] - JSR-330 'javax.inject.Named' annotation found and supported for component scanning
2013-12-10 13:32:22,332 INFO  [ ClassPathScanningCandidateComponentProvider.java : 210 : registerDefaultFilters ] - JSR-330 'javax.inject.Named' annotation found and supported for component scanning
2013-12-10 13:32:22,382 INFO  [ AbstractApplicationContext.java     : 495 : prepareRefresh       ] - Refreshing org.springframework.context.support.GenericApplicationContext@4583e712: startup date [Tue Dec 10 13:32:22 EET 2013]; root of context hierarchy
2013-12-10 13:32:22,506 INFO  [ AutowiredAnnotationBeanPostProcessor.java : 139 : <init>               ] - JSR-330 'javax.inject.Inject' annotation found and supported for autowiring
2013-12-10 13:32:22,587 INFO  [ DefaultListableBeanFactory.java     : 557 : preInstantiateSingletons ] - Pre-instantiating singletons in org.springframework.beans.factory.support.DefaultListableBeanFactory@20e5e544: defining beans [org.springframework.context.annotation.internalConfigurationAnnotationProcessor,org.springframework.context.annotation.internalAutowiredAnnotationProcessor,org.springframework.context.annotation.internalRequiredAnnotationProcessor,org.springframework.context.annotation.internalCommonAnnotationProcessor,org.springframework.context.annotation.internalPersistenceAnnotationProcessor,org.springframework.aop.config.internalAutoProxyCreator,org.springframework.transaction.annotation.AnnotationTransactionAttributeSource#0,org.springframework.transaction.interceptor.TransactionInterceptor#0,org.springframework.transaction.config.internalTransactionAdvisor,entityManagerFactory,transactionManager,cityDaoImpl,countryDaoImpl,ipAddressDaoImpl,paginationSettingsDaoImpl,parserDaoImpl,sourceDaoImpl,unzipperDaoImpl,userDaoImpl,assembler,geoIpServiceImpl,ipAddressSaveDetailsServiceImpl,ipAddressServiceImpl,ipStatusListServiceImpl,jsonServiceImpl,locationServiceImpl,paginationServiceImpl,parserResultServiceImpl,sourceDownloaderServiceImpl,sourceServiceImpl,userDetailsService,userServiceImpl,org.springframework.context.annotation.ConfigurationClassPostProcessor$ImportAwareBeanPostProcessor#0]; root of factory hierarchy
2013-12-10 13:32:22,721 INFO  [ LocalContainerEntityManagerFactoryBean.java : 264 : createNativeEntityManagerFactory ] - Building JPA container EntityManagerFactory for persistence unit 'primary'
2013-12-10 13:32:22,950 INFO  [ Version.java                        : 37  : <clinit>             ] - HCANN000001: Hibernate Commons Annotations {4.0.1.Final}
2013-12-10 13:32:22,962 INFO  [ Version.java                        : 41  : logVersion           ] - HHH000412: Hibernate Core {4.2.1.Final}
2013-12-10 13:32:22,966 INFO  [ Environment.java                    : 239 : <clinit>             ] - HHH000206: hibernate.properties not found
2013-12-10 13:32:22,973 INFO  [ Environment.java                    : 342 : buildBytecodeProvider ] - HHH000021: Bytecode provider name : javassist
2013-12-10 13:32:23,016 INFO  [ Ejb3Configuration.java              : 528 : configure            ] - HHH000204: Processing PersistenceUnitInfo [
	name: primary
	...]
2013-12-10 13:32:23,513 INFO  [ DriverManagerConnectionProviderImpl.java : 98  : configure            ] - HHH000402: Using Hibernate built-in connection pool (not for production use!)
2013-12-10 13:32:23,517 INFO  [ DriverManagerConnectionProviderImpl.java : 134 : configure            ] - HHH000115: Hibernate connection pool size: 20
2013-12-10 13:32:23,517 INFO  [ DriverManagerConnectionProviderImpl.java : 137 : configure            ] - HHH000006: Autocommit mode: true
2013-12-10 13:32:23,517 INFO  [ DriverManagerConnectionProviderImpl.java : 151 : configure            ] - HHH000401: using driver [net.sourceforge.jtds.jdbc.Driver] at URL [jdbc:jtds:sqlserver://127.0.0.1;instance=SQLEXPRESS;DatabaseName=ip_addresses]
2013-12-10 13:32:23,518 INFO  [ DriverManagerConnectionProviderImpl.java : 156 : configure            ] - HHH000046: Connection properties: {user=andrew, password=****, autocommit=true, show_sql=true, release_mode=auto}
2013-12-10 13:32:29,843 INFO  [ Dialect.java                        : 128 : <init>               ] - HHH000400: Using dialect: org.hibernate.dialect.SQLServerDialect
2013-12-10 13:32:29,855 INFO  [ LobCreatorBuilder.java              : 94  : useContextualLobCreation ] - HHH000423: Disabling contextual LOB creation as JDBC driver reported JDBC version [3] less than 4
2013-12-10 13:32:29,867 INFO  [ TransactionFactoryInitiator.java    : 73  : initiateService      ] - HHH000268: Transaction strategy: org.hibernate.engine.transaction.internal.jdbc.JdbcTransactionFactory
2013-12-10 13:32:29,873 INFO  [ ASTQueryTranslatorFactory.java      : 48  : <init>               ] - HHH000397: Using ASTQueryTranslatorFactory
2013-12-10 13:32:31,245 INFO  [ TransactionalTestExecutionListener.java : 272 : startNewTransaction  ] - Began transaction (1): transaction manager [org.springframework.orm.jpa.JpaTransactionManager@2d8bb322]; rollback [true]
2013-12-10 13:32:31,291 INFO  [ TransactionalTestExecutionListener.java : 292 : endTransaction       ] - Rolled back transaction after test execution for test context [[TestContext@375679be testClass = PaginationSettingsDaoImplTest, locations = array<String>['file:src/main/webapp/WEB-INF/spring/root-context.xml'], testInstance = tc.lv.dao.implementations.PaginationSettingsDaoImplTest@e52c554, testMethod = findAllPaginationSettings@PaginationSettingsDaoImplTest, testException = [null]]]
2013-12-10 13:32:31,309 INFO  [ TransactionalTestExecutionListener.java : 272 : startNewTransaction  ] - Began transaction (1): transaction manager [org.springframework.orm.jpa.JpaTransactionManager@2d8bb322]; rollback [true]
2013-12-10 13:32:31,311 INFO  [ TransactionalTestExecutionListener.java : 292 : endTransaction       ] - Rolled back transaction after test execution for test context [[TestContext@1f6e91d testClass = UnzipperDaoImplTest, locations = array<String>['file:src/main/webapp/WEB-INF/spring/root-context.xml'], testInstance = tc.lv.dao.implementations.UnzipperDaoImplTest@79426fec, testMethod = test@UnzipperDaoImplTest, testException = java.lang.IllegalArgumentException: org.hibernate.QueryException: Not all named parameters have been set: [1] [SELECT u.dir FROM Unzipper u WHERE u.name = ?1]]]
2013-12-10 13:32:31,393 INFO  [ TransactionalTestExecutionListener.java : 272 : startNewTransaction  ] - Began transaction (1): transaction manager [org.springframework.orm.jpa.JpaTransactionManager@2d8bb322]; rollback [true]
2013-12-10 13:32:31,427 INFO  [ TransactionalTestExecutionListener.java : 292 : endTransaction       ] - Rolled back transaction after test execution for test context [[TestContext@2f102944 testClass = UserDaoImplTest, locations = array<String>['file:src/main/webapp/WEB-INF/spring/root-context.xml'], testInstance = tc.lv.dao.implementations.UserDaoImplTest@4e05477f, testMethod = saveUser@UserDaoImplTest, testException = [null]]]
2013-12-10 13:32:31,430 INFO  [ TransactionalTestExecutionListener.java : 272 : startNewTransaction  ] - Began transaction (2): transaction manager [org.springframework.orm.jpa.JpaTransactionManager@2d8bb322]; rollback [true]
2013-12-10 13:32:31,468 INFO  [ TransactionalTestExecutionListener.java : 292 : endTransaction       ] - Rolled back transaction after test execution for test context [[TestContext@2f102944 testClass = UserDaoImplTest, locations = array<String>['file:src/main/webapp/WEB-INF/spring/root-context.xml'], testInstance = tc.lv.dao.implementations.UserDaoImplTest@2823ef2a, testMethod = findUserByRoleAdmin@UserDaoImplTest, testException = [null]]]
2013-12-10 13:32:31,471 INFO  [ TransactionalTestExecutionListener.java : 272 : startNewTransaction  ] - Began transaction (3): transaction manager [org.springframework.orm.jpa.JpaTransactionManager@2d8bb322]; rollback [true]
2013-12-10 13:32:31,478 INFO  [ TransactionalTestExecutionListener.java : 292 : endTransaction       ] - Rolled back transaction after test execution for test context [[TestContext@2f102944 testClass = UserDaoImplTest, locations = array<String>['file:src/main/webapp/WEB-INF/spring/root-context.xml'], testInstance = tc.lv.dao.implementations.UserDaoImplTest@62d89480, testMethod = findUserByRoleUser@UserDaoImplTest, testException = [null]]]
2013-12-10 13:32:31,481 INFO  [ TransactionalTestExecutionListener.java : 272 : startNewTransaction  ] - Began transaction (4): transaction manager [org.springframework.orm.jpa.JpaTransactionManager@2d8bb322]; rollback [true]
2013-12-10 13:32:31,491 INFO  [ TransactionalTestExecutionListener.java : 292 : endTransaction       ] - Rolled back transaction after test execution for test context [[TestContext@2f102944 testClass = UserDaoImplTest, locations = array<String>['file:src/main/webapp/WEB-INF/spring/root-context.xml'], testInstance = tc.lv.dao.implementations.UserDaoImplTest@49e3c29e, testMethod = updateUser@UserDaoImplTest, testException = [null]]]
2013-12-10 13:32:31,494 INFO  [ TransactionalTestExecutionListener.java : 272 : startNewTransaction  ] - Began transaction (5): transaction manager [org.springframework.orm.jpa.JpaTransactionManager@2d8bb322]; rollback [true]
2013-12-10 13:32:31,496 INFO  [ TransactionalTestExecutionListener.java : 292 : endTransaction       ] - Rolled back transaction after test execution for test context [[TestContext@2f102944 testClass = UserDaoImplTest, locations = array<String>['file:src/main/webapp/WEB-INF/spring/root-context.xml'], testInstance = tc.lv.dao.implementations.UserDaoImplTest@2f51e4c5, testMethod = findUserByName@UserDaoImplTest, testException = [null]]]
2013-12-10 13:32:31,499 INFO  [ TransactionalTestExecutionListener.java : 272 : startNewTransaction  ] - Began transaction (6): transaction manager [org.springframework.orm.jpa.JpaTransactionManager@2d8bb322]; rollback [true]
2013-12-10 13:32:31,528 INFO  [ TransactionalTestExecutionListener.java : 292 : endTransaction       ] - Rolled back transaction after test execution for test context [[TestContext@2f102944 testClass = UserDaoImplTest, locations = array<String>['file:src/main/webapp/WEB-INF/spring/root-context.xml'], testInstance = tc.lv.dao.implementations.UserDaoImplTest@f158f9e, testMethod = removeUser@UserDaoImplTest, testException = [null]]]
2013-12-10 13:32:31,555 INFO  [ TransactionalTestExecutionListener.java : 272 : startNewTransaction  ] - Began transaction (1): transaction manager [org.springframework.orm.jpa.JpaTransactionManager@2d8bb322]; rollback [true]
2013-12-10 13:32:31,560 INFO  [ TransactionalTestExecutionListener.java : 292 : endTransaction       ] - Rolled back transaction after test execution for test context [[TestContext@4f93d4e1 testClass = CountryDaoImplTest, locations = array<String>['file:src/main/webapp/WEB-INF/spring/root-context.xml'], testInstance = tc.lv.dao.implementations.CountryDaoImplTest@727d2897, testMethod = updateCountry@CountryDaoImplTest, testException = [null]]]
2013-12-10 13:32:31,563 INFO  [ TransactionalTestExecutionListener.java : 272 : startNewTransaction  ] - Began transaction (2): transaction manager [org.springframework.orm.jpa.JpaTransactionManager@2d8bb322]; rollback [true]
2013-12-10 13:32:31,566 INFO  [ TransactionalTestExecutionListener.java : 292 : endTransaction       ] - Rolled back transaction after test execution for test context [[TestContext@4f93d4e1 testClass = CountryDaoImplTest, locations = array<String>['file:src/main/webapp/WEB-INF/spring/root-context.xml'], testInstance = tc.lv.dao.implementations.CountryDaoImplTest@4ff3ac, testMethod = isCountryExists@CountryDaoImplTest, testException = [null]]]
2013-12-10 13:32:31,568 INFO  [ TransactionalTestExecutionListener.java : 272 : startNewTransaction  ] - Began transaction (3): transaction manager [org.springframework.orm.jpa.JpaTransactionManager@2d8bb322]; rollback [true]
2013-12-10 13:32:31,570 INFO  [ TransactionalTestExecutionListener.java : 292 : endTransaction       ] - Rolled back transaction after test execution for test context [[TestContext@4f93d4e1 testClass = CountryDaoImplTest, locations = array<String>['file:src/main/webapp/WEB-INF/spring/root-context.xml'], testInstance = tc.lv.dao.implementations.CountryDaoImplTest@d4ab5b8, testMethod = saveCountry@CountryDaoImplTest, testException = [null]]]
2013-12-10 13:32:31,598 INFO  [ TransactionalTestExecutionListener.java : 272 : startNewTransaction  ] - Began transaction (1): transaction manager [org.springframework.orm.jpa.JpaTransactionManager@2d8bb322]; rollback [true]
2013-12-10 13:32:31,609 INFO  [ TransactionalTestExecutionListener.java : 292 : endTransaction       ] - Rolled back transaction after test execution for test context [[TestContext@7c04fa53 testClass = CityDaoImplTest, locations = array<String>['file:src/main/webapp/WEB-INF/spring/root-context.xml'], testInstance = tc.lv.dao.implementations.CityDaoImplTest@2ace9ec1, testMethod = saveCity@CityDaoImplTest, testException = [null]]]
2013-12-10 13:32:31,612 INFO  [ TransactionalTestExecutionListener.java : 272 : startNewTransaction  ] - Began transaction (2): transaction manager [org.springframework.orm.jpa.JpaTransactionManager@2d8bb322]; rollback [true]
2013-12-10 13:32:31,645 INFO  [ TransactionalTestExecutionListener.java : 292 : endTransaction       ] - Rolled back transaction after test execution for test context [[TestContext@7c04fa53 testClass = CityDaoImplTest, locations = array<String>['file:src/main/webapp/WEB-INF/spring/root-context.xml'], testInstance = tc.lv.dao.implementations.CityDaoImplTest@4780223c, testMethod = findCityNameListByStatusForWhiteList@CityDaoImplTest, testException = [null]]]
2013-12-10 13:32:31,648 INFO  [ TransactionalTestExecutionListener.java : 272 : startNewTransaction  ] - Began transaction (3): transaction manager [org.springframework.orm.jpa.JpaTransactionManager@2d8bb322]; rollback [true]
2013-12-10 13:32:31,652 INFO  [ TransactionalTestExecutionListener.java : 292 : endTransaction       ] - Rolled back transaction after test execution for test context [[TestContext@7c04fa53 testClass = CityDaoImplTest, locations = array<String>['file:src/main/webapp/WEB-INF/spring/root-context.xml'], testInstance = tc.lv.dao.implementations.CityDaoImplTest@77c4e567, testMethod = updateCity@CityDaoImplTest, testException = [null]]]
2013-12-10 13:32:31,656 INFO  [ TransactionalTestExecutionListener.java : 272 : startNewTransaction  ] - Began transaction (4): transaction manager [org.springframework.orm.jpa.JpaTransactionManager@2d8bb322]; rollback [true]
2013-12-10 13:32:31,664 INFO  [ TransactionalTestExecutionListener.java : 292 : endTransaction       ] - Rolled back transaction after test execution for test context [[TestContext@7c04fa53 testClass = CityDaoImplTest, locations = array<String>['file:src/main/webapp/WEB-INF/spring/root-context.xml'], testInstance = tc.lv.dao.implementations.CityDaoImplTest@406f1e65, testMethod = isCityExists@CityDaoImplTest, testException = [null]]]
2013-12-10 13:32:31,667 INFO  [ TransactionalTestExecutionListener.java : 272 : startNewTransaction  ] - Began transaction (5): transaction manager [org.springframework.orm.jpa.JpaTransactionManager@2d8bb322]; rollback [true]
2013-12-10 13:32:31,669 INFO  [ TransactionalTestExecutionListener.java : 292 : endTransaction       ] - Rolled back transaction after test execution for test context [[TestContext@7c04fa53 testClass = CityDaoImplTest, locations = array<String>['file:src/main/webapp/WEB-INF/spring/root-context.xml'], testInstance = tc.lv.dao.implementations.CityDaoImplTest@374d9299, testMethod = findCityNameListByStatusForBlackList@CityDaoImplTest, testException = [null]]]
2013-12-10 13:32:31,698 INFO  [ TransactionalTestExecutionListener.java : 272 : startNewTransaction  ] - Began transaction (1): transaction manager [org.springframework.orm.jpa.JpaTransactionManager@2d8bb322]; rollback [true]
2013-12-10 13:32:31,714 INFO  [ TransactionalTestExecutionListener.java : 292 : endTransaction       ] - Rolled back transaction after test execution for test context [[TestContext@3824904c testClass = SourceDaoImplTest, locations = array<String>['file:src/main/webapp/WEB-INF/spring/root-context.xml'], testInstance = tc.lv.dao.implementations.SourceDaoImplTest@687d8a5f, testMethod = updateSource@SourceDaoImplTest, testException = [null]]]
2013-12-10 13:32:31,717 INFO  [ TransactionalTestExecutionListener.java : 272 : startNewTransaction  ] - Began transaction (2): transaction manager [org.springframework.orm.jpa.JpaTransactionManager@2d8bb322]; rollback [true]
2013-12-10 13:32:31,721 INFO  [ TransactionalTestExecutionListener.java : 292 : endTransaction       ] - Rolled back transaction after test execution for test context [[TestContext@3824904c testClass = SourceDaoImplTest, locations = array<String>['file:src/main/webapp/WEB-INF/spring/root-context.xml'], testInstance = tc.lv.dao.implementations.SourceDaoImplTest@1372b594, testMethod = deleteSource@SourceDaoImplTest, testException = [null]]]
2013-12-10 13:32:31,725 INFO  [ TransactionalTestExecutionListener.java : 272 : startNewTransaction  ] - Began transaction (3): transaction manager [org.springframework.orm.jpa.JpaTransactionManager@2d8bb322]; rollback [true]
2013-12-10 13:32:31,729 INFO  [ TransactionalTestExecutionListener.java : 292 : endTransaction       ] - Rolled back transaction after test execution for test context [[TestContext@3824904c testClass = SourceDaoImplTest, locations = array<String>['file:src/main/webapp/WEB-INF/spring/root-context.xml'], testInstance = tc.lv.dao.implementations.SourceDaoImplTest@769928b2, testMethod = findAllSource@SourceDaoImplTest, testException = [null]]]
2013-12-10 13:32:31,731 INFO  [ TransactionalTestExecutionListener.java : 272 : startNewTransaction  ] - Began transaction (4): transaction manager [org.springframework.orm.jpa.JpaTransactionManager@2d8bb322]; rollback [true]
2013-12-10 13:32:31,733 INFO  [ TransactionalTestExecutionListener.java : 292 : endTransaction       ] - Rolled back transaction after test execution for test context [[TestContext@3824904c testClass = SourceDaoImplTest, locations = array<String>['file:src/main/webapp/WEB-INF/spring/root-context.xml'], testInstance = tc.lv.dao.implementations.SourceDaoImplTest@1221c139, testMethod = findSourceByName@SourceDaoImplTest, testException = [null]]]
2013-12-10 13:32:31,736 INFO  [ TransactionalTestExecutionListener.java : 272 : startNewTransaction  ] - Began transaction (5): transaction manager [org.springframework.orm.jpa.JpaTransactionManager@2d8bb322]; rollback [true]
2013-12-10 13:32:31,740 INFO  [ TransactionalTestExecutionListener.java : 292 : endTransaction       ] - Rolled back transaction after test execution for test context [[TestContext@3824904c testClass = SourceDaoImplTest, locations = array<String>['file:src/main/webapp/WEB-INF/spring/root-context.xml'], testInstance = tc.lv.dao.implementations.SourceDaoImplTest@53a29fa3, testMethod = saveSource@SourceDaoImplTest, testException = [null]]]
2013-12-10 13:32:31,743 INFO  [ TransactionalTestExecutionListener.java : 272 : startNewTransaction  ] - Began transaction (6): transaction manager [org.springframework.orm.jpa.JpaTransactionManager@2d8bb322]; rollback [true]
2013-12-10 13:32:31,747 INFO  [ TransactionalTestExecutionListener.java : 292 : endTransaction       ] - Rolled back transaction after test execution for test context [[TestContext@3824904c testClass = SourceDaoImplTest, locations = array<String>['file:src/main/webapp/WEB-INF/spring/root-context.xml'], testInstance = tc.lv.dao.implementations.SourceDaoImplTest@5bc994c5, testMethod = findSourceById@SourceDaoImplTest, testException = [null]]]
2013-12-10 13:32:31,749 INFO  [ AbstractApplicationContext.java     : 1020 : doClose              ] - Closing org.springframework.context.support.GenericApplicationContext@4583e712: startup date [Tue Dec 10 13:32:22 EET 2013]; root of context hierarchy
2013-12-10 13:32:31,750 INFO  [ DefaultSingletonBeanRegistry.java   : 433 : destroySingletons    ] - Destroying singletons in org.springframework.beans.factory.support.DefaultListableBeanFactory@20e5e544: defining beans [org.springframework.context.annotation.internalConfigurationAnnotationProcessor,org.springframework.context.annotation.internalAutowiredAnnotationProcessor,org.springframework.context.annotation.internalRequiredAnnotationProcessor,org.springframework.context.annotation.internalCommonAnnotationProcessor,org.springframework.context.annotation.internalPersistenceAnnotationProcessor,org.springframework.aop.config.internalAutoProxyCreator,org.springframework.transaction.annotation.AnnotationTransactionAttributeSource#0,org.springframework.transaction.interceptor.TransactionInterceptor#0,org.springframework.transaction.config.internalTransactionAdvisor,entityManagerFactory,transactionManager,cityDaoImpl,countryDaoImpl,ipAddressDaoImpl,paginationSettingsDaoImpl,parserDaoImpl,sourceDaoImpl,unzipperDaoImpl,userDaoImpl,assembler,geoIpServiceImpl,ipAddressSaveDetailsServiceImpl,ipAddressServiceImpl,ipStatusListServiceImpl,jsonServiceImpl,locationServiceImpl,paginationServiceImpl,parserResultServiceImpl,sourceDownloaderServiceImpl,sourceServiceImpl,userDetailsService,userServiceImpl,org.springframework.context.annotation.ConfigurationClassPostProcessor$ImportAwareBeanPostProcessor#0]; root of factory hierarchy
2013-12-10 13:32:31,753 INFO  [ AbstractEntityManagerFactoryBean.java : 441 : destroy              ] - Closing JPA EntityManagerFactory for persistence unit 'primary'
2013-12-10 13:32:31,754 INFO  [ DriverManagerConnectionProviderImpl.java : 160 : stop                 ] - HHH000030: Cleaning up connection pool [jdbc:jtds:sqlserver://127.0.0.1;instance=SQLEXPRESS;DatabaseName=ip_addresses]
2013-12-10 13:32:56,025 INFO  [ TestContextManager.java             : 185 : retrieveTestExecutionListeners ] - @TestExecutionListeners is not present for class [class tc.lv.dao.implementations.PaginationSettingsDaoImplTest]: using defaults.
2013-12-10 13:32:56,063 INFO  [ TestContextManager.java             : 185 : retrieveTestExecutionListeners ] - @TestExecutionListeners is not present for class [class tc.lv.dao.implementations.UnzipperDaoImplTest]: using defaults.
2013-12-10 13:32:56,070 INFO  [ TestContextManager.java             : 185 : retrieveTestExecutionListeners ] - @TestExecutionListeners is not present for class [class tc.lv.dao.implementations.UserDaoImplTest]: using defaults.
2013-12-10 13:32:56,076 INFO  [ TestContextManager.java             : 185 : retrieveTestExecutionListeners ] - @TestExecutionListeners is not present for class [class tc.lv.dao.implementations.CountryDaoImplTest]: using defaults.
2013-12-10 13:32:56,086 INFO  [ TestContextManager.java             : 185 : retrieveTestExecutionListeners ] - @TestExecutionListeners is not present for class [class tc.lv.dao.implementations.CityDaoImplTest]: using defaults.
2013-12-10 13:32:56,089 INFO  [ TestContextManager.java             : 185 : retrieveTestExecutionListeners ] - @TestExecutionListeners is not present for class [class tc.lv.dao.implementations.SourceDaoImplTest]: using defaults.
2013-12-10 13:32:56,211 INFO  [ XmlBeanDefinitionReader.java        : 315 : loadBeanDefinitions  ] - Loading XML bean definitions from URL [file:src/main/webapp/WEB-INF/spring/root-context.xml]
2013-12-10 13:32:56,445 INFO  [ ClassPathScanningCandidateComponentProvider.java : 210 : registerDefaultFilters ] - JSR-330 'javax.inject.Named' annotation found and supported for component scanning
2013-12-10 13:32:56,503 INFO  [ ClassPathScanningCandidateComponentProvider.java : 210 : registerDefaultFilters ] - JSR-330 'javax.inject.Named' annotation found and supported for component scanning
2013-12-10 13:32:56,554 INFO  [ AbstractApplicationContext.java     : 495 : prepareRefresh       ] - Refreshing org.springframework.context.support.GenericApplicationContext@4ece3b01: startup date [Tue Dec 10 13:32:56 EET 2013]; root of context hierarchy
2013-12-10 13:32:56,673 INFO  [ AutowiredAnnotationBeanPostProcessor.java : 139 : <init>               ] - JSR-330 'javax.inject.Inject' annotation found and supported for autowiring
2013-12-10 13:32:56,763 INFO  [ DefaultListableBeanFactory.java     : 557 : preInstantiateSingletons ] - Pre-instantiating singletons in org.springframework.beans.factory.support.DefaultListableBeanFactory@5560a7b1: defining beans [org.springframework.context.annotation.internalConfigurationAnnotationProcessor,org.springframework.context.annotation.internalAutowiredAnnotationProcessor,org.springframework.context.annotation.internalRequiredAnnotationProcessor,org.springframework.context.annotation.internalCommonAnnotationProcessor,org.springframework.context.annotation.internalPersistenceAnnotationProcessor,org.springframework.aop.config.internalAutoProxyCreator,org.springframework.transaction.annotation.AnnotationTransactionAttributeSource#0,org.springframework.transaction.interceptor.TransactionInterceptor#0,org.springframework.transaction.config.internalTransactionAdvisor,entityManagerFactory,transactionManager,cityDaoImpl,countryDaoImpl,ipAddressDaoImpl,paginationSettingsDaoImpl,parserDaoImpl,sourceDaoImpl,unzipperDaoImpl,userDaoImpl,assembler,geoIpServiceImpl,ipAddressSaveDetailsServiceImpl,ipAddressServiceImpl,ipStatusListServiceImpl,jsonServiceImpl,locationServiceImpl,paginationServiceImpl,parserResultServiceImpl,sourceDownloaderServiceImpl,sourceServiceImpl,userDetailsService,userServiceImpl,org.springframework.context.annotation.ConfigurationClassPostProcessor$ImportAwareBeanPostProcessor#0]; root of factory hierarchy
2013-12-10 13:32:56,889 INFO  [ LocalContainerEntityManagerFactoryBean.java : 264 : createNativeEntityManagerFactory ] - Building JPA container EntityManagerFactory for persistence unit 'primary'
2013-12-10 13:32:57,126 INFO  [ Version.java                        : 37  : <clinit>             ] - HCANN000001: Hibernate Commons Annotations {4.0.1.Final}
2013-12-10 13:32:57,139 INFO  [ Version.java                        : 41  : logVersion           ] - HHH000412: Hibernate Core {4.2.1.Final}
2013-12-10 13:32:57,142 INFO  [ Environment.java                    : 239 : <clinit>             ] - HHH000206: hibernate.properties not found
2013-12-10 13:32:57,147 INFO  [ Environment.java                    : 342 : buildBytecodeProvider ] - HHH000021: Bytecode provider name : javassist
2013-12-10 13:32:57,187 INFO  [ Ejb3Configuration.java              : 528 : configure            ] - HHH000204: Processing PersistenceUnitInfo [
	name: primary
	...]
2013-12-10 13:32:57,693 INFO  [ DriverManagerConnectionProviderImpl.java : 98  : configure            ] - HHH000402: Using Hibernate built-in connection pool (not for production use!)
2013-12-10 13:32:57,697 INFO  [ DriverManagerConnectionProviderImpl.java : 134 : configure            ] - HHH000115: Hibernate connection pool size: 20
2013-12-10 13:32:57,698 INFO  [ DriverManagerConnectionProviderImpl.java : 137 : configure            ] - HHH000006: Autocommit mode: true
2013-12-10 13:32:57,698 INFO  [ DriverManagerConnectionProviderImpl.java : 151 : configure            ] - HHH000401: using driver [net.sourceforge.jtds.jdbc.Driver] at URL [jdbc:jtds:sqlserver://127.0.0.1;instance=SQLEXPRESS;DatabaseName=ip_addresses]
2013-12-10 13:32:57,698 INFO  [ DriverManagerConnectionProviderImpl.java : 156 : configure            ] - HHH000046: Connection properties: {user=andrew, password=****, autocommit=true, show_sql=true, release_mode=auto}
2013-12-10 13:33:04,029 INFO  [ Dialect.java                        : 128 : <init>               ] - HHH000400: Using dialect: org.hibernate.dialect.SQLServerDialect
2013-12-10 13:33:04,041 INFO  [ LobCreatorBuilder.java              : 94  : useContextualLobCreation ] - HHH000423: Disabling contextual LOB creation as JDBC driver reported JDBC version [3] less than 4
2013-12-10 13:33:04,053 INFO  [ TransactionFactoryInitiator.java    : 73  : initiateService      ] - HHH000268: Transaction strategy: org.hibernate.engine.transaction.internal.jdbc.JdbcTransactionFactory
2013-12-10 13:33:04,059 INFO  [ ASTQueryTranslatorFactory.java      : 48  : <init>               ] - HHH000397: Using ASTQueryTranslatorFactory
2013-12-10 13:33:05,379 INFO  [ TransactionalTestExecutionListener.java : 272 : startNewTransaction  ] - Began transaction (1): transaction manager [org.springframework.orm.jpa.JpaTransactionManager@25a98448]; rollback [true]
2013-12-10 13:33:05,421 INFO  [ TransactionalTestExecutionListener.java : 292 : endTransaction       ] - Rolled back transaction after test execution for test context [[TestContext@64ecfb1f testClass = PaginationSettingsDaoImplTest, locations = array<String>['file:src/main/webapp/WEB-INF/spring/root-context.xml'], testInstance = tc.lv.dao.implementations.PaginationSettingsDaoImplTest@25ae3fd, testMethod = findAllPaginationSettings@PaginationSettingsDaoImplTest, testException = [null]]]
2013-12-10 13:33:05,439 INFO  [ TransactionalTestExecutionListener.java : 272 : startNewTransaction  ] - Began transaction (1): transaction manager [org.springframework.orm.jpa.JpaTransactionManager@25a98448]; rollback [true]
2013-12-10 13:33:05,440 INFO  [ TransactionalTestExecutionListener.java : 292 : endTransaction       ] - Rolled back transaction after test execution for test context [[TestContext@79426fec testClass = UnzipperDaoImplTest, locations = array<String>['file:src/main/webapp/WEB-INF/spring/root-context.xml'], testInstance = tc.lv.dao.implementations.UnzipperDaoImplTest@78c22d25, testMethod = test@UnzipperDaoImplTest, testException = [null]]]
2013-12-10 13:33:05,463 INFO  [ TransactionalTestExecutionListener.java : 272 : startNewTransaction  ] - Began transaction (1): transaction manager [org.springframework.orm.jpa.JpaTransactionManager@25a98448]; rollback [true]
2013-12-10 13:33:05,497 INFO  [ TransactionalTestExecutionListener.java : 292 : endTransaction       ] - Rolled back transaction after test execution for test context [[TestContext@52f7cbf9 testClass = UserDaoImplTest, locations = array<String>['file:src/main/webapp/WEB-INF/spring/root-context.xml'], testInstance = tc.lv.dao.implementations.UserDaoImplTest@a7072fd, testMethod = saveUser@UserDaoImplTest, testException = [null]]]
2013-12-10 13:33:05,500 INFO  [ TransactionalTestExecutionListener.java : 272 : startNewTransaction  ] - Began transaction (2): transaction manager [org.springframework.orm.jpa.JpaTransactionManager@25a98448]; rollback [true]
2013-12-10 13:33:05,518 INFO  [ TransactionalTestExecutionListener.java : 292 : endTransaction       ] - Rolled back transaction after test execution for test context [[TestContext@52f7cbf9 testClass = UserDaoImplTest, locations = array<String>['file:src/main/webapp/WEB-INF/spring/root-context.xml'], testInstance = tc.lv.dao.implementations.UserDaoImplTest@c63dc7c, testMethod = findUserByRoleAdmin@UserDaoImplTest, testException = [null]]]
2013-12-10 13:33:05,521 INFO  [ TransactionalTestExecutionListener.java : 272 : startNewTransaction  ] - Began transaction (3): transaction manager [org.springframework.orm.jpa.JpaTransactionManager@25a98448]; rollback [true]
2013-12-10 13:33:05,528 INFO  [ TransactionalTestExecutionListener.java : 292 : endTransaction       ] - Rolled back transaction after test execution for test context [[TestContext@52f7cbf9 testClass = UserDaoImplTest, locations = array<String>['file:src/main/webapp/WEB-INF/spring/root-context.xml'], testInstance = tc.lv.dao.implementations.UserDaoImplTest@51d1d995, testMethod = findUserByRoleUser@UserDaoImplTest, testException = [null]]]
2013-12-10 13:33:05,531 INFO  [ TransactionalTestExecutionListener.java : 272 : startNewTransaction  ] - Began transaction (4): transaction manager [org.springframework.orm.jpa.JpaTransactionManager@25a98448]; rollback [true]
2013-12-10 13:33:05,538 INFO  [ TransactionalTestExecutionListener.java : 292 : endTransaction       ] - Rolled back transaction after test execution for test context [[TestContext@52f7cbf9 testClass = UserDaoImplTest, locations = array<String>['file:src/main/webapp/WEB-INF/spring/root-context.xml'], testInstance = tc.lv.dao.implementations.UserDaoImplTest@8fa166e, testMethod = updateUser@UserDaoImplTest, testException = [null]]]
2013-12-10 13:33:05,541 INFO  [ TransactionalTestExecutionListener.java : 272 : startNewTransaction  ] - Began transaction (5): transaction manager [org.springframework.orm.jpa.JpaTransactionManager@25a98448]; rollback [true]
2013-12-10 13:33:05,543 INFO  [ TransactionalTestExecutionListener.java : 292 : endTransaction       ] - Rolled back transaction after test execution for test context [[TestContext@52f7cbf9 testClass = UserDaoImplTest, locations = array<String>['file:src/main/webapp/WEB-INF/spring/root-context.xml'], testInstance = tc.lv.dao.implementations.UserDaoImplTest@3d6a3655, testMethod = findUserByName@UserDaoImplTest, testException = [null]]]
2013-12-10 13:33:05,546 INFO  [ TransactionalTestExecutionListener.java : 272 : startNewTransaction  ] - Began transaction (6): transaction manager [org.springframework.orm.jpa.JpaTransactionManager@25a98448]; rollback [true]
2013-12-10 13:33:05,559 INFO  [ TransactionalTestExecutionListener.java : 292 : endTransaction       ] - Rolled back transaction after test execution for test context [[TestContext@52f7cbf9 testClass = UserDaoImplTest, locations = array<String>['file:src/main/webapp/WEB-INF/spring/root-context.xml'], testInstance = tc.lv.dao.implementations.UserDaoImplTest@2c9db166, testMethod = removeUser@UserDaoImplTest, testException = [null]]]
2013-12-10 13:33:05,576 INFO  [ TransactionalTestExecutionListener.java : 272 : startNewTransaction  ] - Began transaction (1): transaction manager [org.springframework.orm.jpa.JpaTransactionManager@25a98448]; rollback [true]
2013-12-10 13:33:05,578 INFO  [ TransactionalTestExecutionListener.java : 292 : endTransaction       ] - Rolled back transaction after test execution for test context [[TestContext@3982b57d testClass = CountryDaoImplTest, locations = array<String>['file:src/main/webapp/WEB-INF/spring/root-context.xml'], testInstance = tc.lv.dao.implementations.CountryDaoImplTest@34593f0a, testMethod = updateCountry@CountryDaoImplTest, testException = [null]]]
2013-12-10 13:33:05,580 INFO  [ TransactionalTestExecutionListener.java : 272 : startNewTransaction  ] - Began transaction (2): transaction manager [org.springframework.orm.jpa.JpaTransactionManager@25a98448]; rollback [true]
2013-12-10 13:33:05,581 INFO  [ TransactionalTestExecutionListener.java : 292 : endTransaction       ] - Rolled back transaction after test execution for test context [[TestContext@3982b57d testClass = CountryDaoImplTest, locations = array<String>['file:src/main/webapp/WEB-INF/spring/root-context.xml'], testInstance = tc.lv.dao.implementations.CountryDaoImplTest@6bfbc0ba, testMethod = isCountryExists@CountryDaoImplTest, testException = [null]]]
2013-12-10 13:33:05,583 INFO  [ TransactionalTestExecutionListener.java : 272 : startNewTransaction  ] - Began transaction (3): transaction manager [org.springframework.orm.jpa.JpaTransactionManager@25a98448]; rollback [true]
2013-12-10 13:33:05,584 INFO  [ TransactionalTestExecutionListener.java : 292 : endTransaction       ] - Rolled back transaction after test execution for test context [[TestContext@3982b57d testClass = CountryDaoImplTest, locations = array<String>['file:src/main/webapp/WEB-INF/spring/root-context.xml'], testInstance = tc.lv.dao.implementations.CountryDaoImplTest@1d5f261a, testMethod = saveCountry@CountryDaoImplTest, testException = [null]]]
2013-12-10 13:33:05,604 INFO  [ TransactionalTestExecutionListener.java : 272 : startNewTransaction  ] - Began transaction (1): transaction manager [org.springframework.orm.jpa.JpaTransactionManager@25a98448]; rollback [true]
2013-12-10 13:33:05,606 INFO  [ TransactionalTestExecutionListener.java : 292 : endTransaction       ] - Rolled back transaction after test execution for test context [[TestContext@2e5cdc9d testClass = CityDaoImplTest, locations = array<String>['file:src/main/webapp/WEB-INF/spring/root-context.xml'], testInstance = tc.lv.dao.implementations.CityDaoImplTest@5297df32, testMethod = saveCity@CityDaoImplTest, testException = [null]]]
2013-12-10 13:33:05,608 INFO  [ TransactionalTestExecutionListener.java : 272 : startNewTransaction  ] - Began transaction (2): transaction manager [org.springframework.orm.jpa.JpaTransactionManager@25a98448]; rollback [true]
2013-12-10 13:33:05,610 INFO  [ TransactionalTestExecutionListener.java : 292 : endTransaction       ] - Rolled back transaction after test execution for test context [[TestContext@2e5cdc9d testClass = CityDaoImplTest, locations = array<String>['file:src/main/webapp/WEB-INF/spring/root-context.xml'], testInstance = tc.lv.dao.implementations.CityDaoImplTest@604a8cdc, testMethod = findCityNameListByStatusForWhiteList@CityDaoImplTest, testException = [null]]]
2013-12-10 13:33:05,612 INFO  [ TransactionalTestExecutionListener.java : 272 : startNewTransaction  ] - Began transaction (3): transaction manager [org.springframework.orm.jpa.JpaTransactionManager@25a98448]; rollback [true]
2013-12-10 13:33:05,615 INFO  [ TransactionalTestExecutionListener.java : 292 : endTransaction       ] - Rolled back transaction after test execution for test context [[TestContext@2e5cdc9d testClass = CityDaoImplTest, locations = array<String>['file:src/main/webapp/WEB-INF/spring/root-context.xml'], testInstance = tc.lv.dao.implementations.CityDaoImplTest@16583b49, testMethod = updateCity@CityDaoImplTest, testException = [null]]]
2013-12-10 13:33:05,617 INFO  [ TransactionalTestExecutionListener.java : 272 : startNewTransaction  ] - Began transaction (4): transaction manager [org.springframework.orm.jpa.JpaTransactionManager@25a98448]; rollback [true]
2013-12-10 13:33:05,621 INFO  [ TransactionalTestExecutionListener.java : 292 : endTransaction       ] - Rolled back transaction after test execution for test context [[TestContext@2e5cdc9d testClass = CityDaoImplTest, locations = array<String>['file:src/main/webapp/WEB-INF/spring/root-context.xml'], testInstance = tc.lv.dao.implementations.CityDaoImplTest@b1e1e37, testMethod = isCityExists@CityDaoImplTest, testException = [null]]]
2013-12-10 13:33:05,623 INFO  [ TransactionalTestExecutionListener.java : 272 : startNewTransaction  ] - Began transaction (5): transaction manager [org.springframework.orm.jpa.JpaTransactionManager@25a98448]; rollback [true]
2013-12-10 13:33:05,625 INFO  [ TransactionalTestExecutionListener.java : 292 : endTransaction       ] - Rolled back transaction after test execution for test context [[TestContext@2e5cdc9d testClass = CityDaoImplTest, locations = array<String>['file:src/main/webapp/WEB-INF/spring/root-context.xml'], testInstance = tc.lv.dao.implementations.CityDaoImplTest@20305cfa, testMethod = findCityNameListByStatusForBlackList@CityDaoImplTest, testException = [null]]]
2013-12-10 13:33:05,647 INFO  [ TransactionalTestExecutionListener.java : 272 : startNewTransaction  ] - Began transaction (1): transaction manager [org.springframework.orm.jpa.JpaTransactionManager@25a98448]; rollback [true]
2013-12-10 13:33:05,655 INFO  [ TransactionalTestExecutionListener.java : 292 : endTransaction       ] - Rolled back transaction after test execution for test context [[TestContext@13923e4b testClass = SourceDaoImplTest, locations = array<String>['file:src/main/webapp/WEB-INF/spring/root-context.xml'], testInstance = tc.lv.dao.implementations.SourceDaoImplTest@6637b7f6, testMethod = updateSource@SourceDaoImplTest, testException = [null]]]
2013-12-10 13:33:05,657 INFO  [ TransactionalTestExecutionListener.java : 272 : startNewTransaction  ] - Began transaction (2): transaction manager [org.springframework.orm.jpa.JpaTransactionManager@25a98448]; rollback [true]
2013-12-10 13:33:05,661 INFO  [ TransactionalTestExecutionListener.java : 292 : endTransaction       ] - Rolled back transaction after test execution for test context [[TestContext@13923e4b testClass = SourceDaoImplTest, locations = array<String>['file:src/main/webapp/WEB-INF/spring/root-context.xml'], testInstance = tc.lv.dao.implementations.SourceDaoImplTest@30c4f4d8, testMethod = deleteSource@SourceDaoImplTest, testException = [null]]]
2013-12-10 13:33:05,664 INFO  [ TransactionalTestExecutionListener.java : 272 : startNewTransaction  ] - Began transaction (3): transaction manager [org.springframework.orm.jpa.JpaTransactionManager@25a98448]; rollback [true]
2013-12-10 13:33:05,668 INFO  [ TransactionalTestExecutionListener.java : 292 : endTransaction       ] - Rolled back transaction after test execution for test context [[TestContext@13923e4b testClass = SourceDaoImplTest, locations = array<String>['file:src/main/webapp/WEB-INF/spring/root-context.xml'], testInstance = tc.lv.dao.implementations.SourceDaoImplTest@3f72de27, testMethod = findAllSource@SourceDaoImplTest, testException = [null]]]
2013-12-10 13:33:05,670 INFO  [ TransactionalTestExecutionListener.java : 272 : startNewTransaction  ] - Began transaction (4): transaction manager [org.springframework.orm.jpa.JpaTransactionManager@25a98448]; rollback [true]
2013-12-10 13:33:05,673 INFO  [ TransactionalTestExecutionListener.java : 292 : endTransaction       ] - Rolled back transaction after test execution for test context [[TestContext@13923e4b testClass = SourceDaoImplTest, locations = array<String>['file:src/main/webapp/WEB-INF/spring/root-context.xml'], testInstance = tc.lv.dao.implementations.SourceDaoImplTest@7bbd7f69, testMethod = findSourceByName@SourceDaoImplTest, testException = [null]]]
2013-12-10 13:33:05,675 INFO  [ TransactionalTestExecutionListener.java : 272 : startNewTransaction  ] - Began transaction (5): transaction manager [org.springframework.orm.jpa.JpaTransactionManager@25a98448]; rollback [true]
2013-12-10 13:33:05,678 INFO  [ TransactionalTestExecutionListener.java : 292 : endTransaction       ] - Rolled back transaction after test execution for test context [[TestContext@13923e4b testClass = SourceDaoImplTest, locations = array<String>['file:src/main/webapp/WEB-INF/spring/root-context.xml'], testInstance = tc.lv.dao.implementations.SourceDaoImplTest@26cd778, testMethod = saveSource@SourceDaoImplTest, testException = [null]]]
2013-12-10 13:33:05,681 INFO  [ TransactionalTestExecutionListener.java : 272 : startNewTransaction  ] - Began transaction (6): transaction manager [org.springframework.orm.jpa.JpaTransactionManager@25a98448]; rollback [true]
2013-12-10 13:33:05,685 INFO  [ TransactionalTestExecutionListener.java : 292 : endTransaction       ] - Rolled back transaction after test execution for test context [[TestContext@13923e4b testClass = SourceDaoImplTest, locations = array<String>['file:src/main/webapp/WEB-INF/spring/root-context.xml'], testInstance = tc.lv.dao.implementations.SourceDaoImplTest@2db666e, testMethod = findSourceById@SourceDaoImplTest, testException = [null]]]
2013-12-10 13:33:05,687 INFO  [ AbstractApplicationContext.java     : 1020 : doClose              ] - Closing org.springframework.context.support.GenericApplicationContext@4ece3b01: startup date [Tue Dec 10 13:32:56 EET 2013]; root of context hierarchy
2013-12-10 13:33:05,688 INFO  [ DefaultSingletonBeanRegistry.java   : 433 : destroySingletons    ] - Destroying singletons in org.springframework.beans.factory.support.DefaultListableBeanFactory@5560a7b1: defining beans [org.springframework.context.annotation.internalConfigurationAnnotationProcessor,org.springframework.context.annotation.internalAutowiredAnnotationProcessor,org.springframework.context.annotation.internalRequiredAnnotationProcessor,org.springframework.context.annotation.internalCommonAnnotationProcessor,org.springframework.context.annotation.internalPersistenceAnnotationProcessor,org.springframework.aop.config.internalAutoProxyCreator,org.springframework.transaction.annotation.AnnotationTransactionAttributeSource#0,org.springframework.transaction.interceptor.TransactionInterceptor#0,org.springframework.transaction.config.internalTransactionAdvisor,entityManagerFactory,transactionManager,cityDaoImpl,countryDaoImpl,ipAddressDaoImpl,paginationSettingsDaoImpl,parserDaoImpl,sourceDaoImpl,unzipperDaoImpl,userDaoImpl,assembler,geoIpServiceImpl,ipAddressSaveDetailsServiceImpl,ipAddressServiceImpl,ipStatusListServiceImpl,jsonServiceImpl,locationServiceImpl,paginationServiceImpl,parserResultServiceImpl,sourceDownloaderServiceImpl,sourceServiceImpl,userDetailsService,userServiceImpl,org.springframework.context.annotation.ConfigurationClassPostProcessor$ImportAwareBeanPostProcessor#0]; root of factory hierarchy
2013-12-10 13:33:05,692 INFO  [ AbstractEntityManagerFactoryBean.java : 441 : destroy              ] - Closing JPA EntityManagerFactory for persistence unit 'primary'
2013-12-10 13:33:05,693 INFO  [ DriverManagerConnectionProviderImpl.java : 160 : stop                 ] - HHH000030: Cleaning up connection pool [jdbc:jtds:sqlserver://127.0.0.1;instance=SQLEXPRESS;DatabaseName=ip_addresses]
2013-12-10 13:33:09,191 INFO  [ TestContextManager.java             : 185 : retrieveTestExecutionListeners ] - @TestExecutionListeners is not present for class [class tc.lv.dao.implementations.PaginationSettingsDaoImplTest]: using defaults.
2013-12-10 13:33:09,231 INFO  [ TestContextManager.java             : 185 : retrieveTestExecutionListeners ] - @TestExecutionListeners is not present for class [class tc.lv.dao.implementations.UnzipperDaoImplTest]: using defaults.
2013-12-10 13:33:09,239 INFO  [ TestContextManager.java             : 185 : retrieveTestExecutionListeners ] - @TestExecutionListeners is not present for class [class tc.lv.dao.implementations.UserDaoImplTest]: using defaults.
2013-12-10 13:33:09,246 INFO  [ TestContextManager.java             : 185 : retrieveTestExecutionListeners ] - @TestExecutionListeners is not present for class [class tc.lv.dao.implementations.CountryDaoImplTest]: using defaults.
2013-12-10 13:33:09,256 INFO  [ TestContextManager.java             : 185 : retrieveTestExecutionListeners ] - @TestExecutionListeners is not present for class [class tc.lv.dao.implementations.CityDaoImplTest]: using defaults.
2013-12-10 13:33:09,262 INFO  [ TestContextManager.java             : 185 : retrieveTestExecutionListeners ] - @TestExecutionListeners is not present for class [class tc.lv.dao.implementations.SourceDaoImplTest]: using defaults.
2013-12-10 13:33:09,502 INFO  [ XmlBeanDefinitionReader.java        : 315 : loadBeanDefinitions  ] - Loading XML bean definitions from URL [file:src/main/webapp/WEB-INF/spring/root-context.xml]
2013-12-10 13:33:09,782 INFO  [ ClassPathScanningCandidateComponentProvider.java : 210 : registerDefaultFilters ] - JSR-330 'javax.inject.Named' annotation found and supported for component scanning
2013-12-10 13:33:09,884 INFO  [ ClassPathScanningCandidateComponentProvider.java : 210 : registerDefaultFilters ] - JSR-330 'javax.inject.Named' annotation found and supported for component scanning
2013-12-10 13:33:09,928 INFO  [ AbstractApplicationContext.java     : 495 : prepareRefresh       ] - Refreshing org.springframework.context.support.GenericApplicationContext@30fffd2c: startup date [Tue Dec 10 13:33:09 EET 2013]; root of context hierarchy
2013-12-10 13:33:10,137 INFO  [ AutowiredAnnotationBeanPostProcessor.java : 139 : <init>               ] - JSR-330 'javax.inject.Inject' annotation found and supported for autowiring
2013-12-10 13:33:10,264 INFO  [ DefaultListableBeanFactory.java     : 557 : preInstantiateSingletons ] - Pre-instantiating singletons in org.springframework.beans.factory.support.DefaultListableBeanFactory@53c8bb96: defining beans [org.springframework.context.annotation.internalConfigurationAnnotationProcessor,org.springframework.context.annotation.internalAutowiredAnnotationProcessor,org.springframework.context.annotation.internalRequiredAnnotationProcessor,org.springframework.context.annotation.internalCommonAnnotationProcessor,org.springframework.context.annotation.internalPersistenceAnnotationProcessor,org.springframework.aop.config.internalAutoProxyCreator,org.springframework.transaction.annotation.AnnotationTransactionAttributeSource#0,org.springframework.transaction.interceptor.TransactionInterceptor#0,org.springframework.transaction.config.internalTransactionAdvisor,entityManagerFactory,transactionManager,cityDaoImpl,countryDaoImpl,ipAddressDaoImpl,paginationSettingsDaoImpl,parserDaoImpl,sourceDaoImpl,unzipperDaoImpl,userDaoImpl,assembler,geoIpServiceImpl,ipAddressSaveDetailsServiceImpl,ipAddressServiceImpl,ipStatusListServiceImpl,jsonServiceImpl,locationServiceImpl,paginationServiceImpl,parserResultServiceImpl,sourceDownloaderServiceImpl,sourceServiceImpl,userDetailsService,userServiceImpl,org.springframework.context.annotation.ConfigurationClassPostProcessor$ImportAwareBeanPostProcessor#0]; root of factory hierarchy
2013-12-10 13:33:10,431 INFO  [ LocalContainerEntityManagerFactoryBean.java : 264 : createNativeEntityManagerFactory ] - Building JPA container EntityManagerFactory for persistence unit 'primary'
2013-12-10 13:33:11,089 INFO  [ Version.java                        : 37  : <clinit>             ] - HCANN000001: Hibernate Commons Annotations {4.0.1.Final}
2013-12-10 13:33:11,109 INFO  [ Version.java                        : 41  : logVersion           ] - HHH000412: Hibernate Core {4.2.1.Final}
2013-12-10 13:33:11,114 INFO  [ Environment.java                    : 239 : <clinit>             ] - HHH000206: hibernate.properties not found
2013-12-10 13:33:11,123 INFO  [ Environment.java                    : 342 : buildBytecodeProvider ] - HHH000021: Bytecode provider name : javassist
2013-12-10 13:33:11,210 INFO  [ Ejb3Configuration.java              : 528 : configure            ] - HHH000204: Processing PersistenceUnitInfo [
	name: primary
	...]
2013-12-10 13:33:11,997 INFO  [ DriverManagerConnectionProviderImpl.java : 98  : configure            ] - HHH000402: Using Hibernate built-in connection pool (not for production use!)
2013-12-10 13:33:12,003 INFO  [ DriverManagerConnectionProviderImpl.java : 134 : configure            ] - HHH000115: Hibernate connection pool size: 20
2013-12-10 13:33:12,004 INFO  [ DriverManagerConnectionProviderImpl.java : 137 : configure            ] - HHH000006: Autocommit mode: true
2013-12-10 13:33:12,004 INFO  [ DriverManagerConnectionProviderImpl.java : 151 : configure            ] - HHH000401: using driver [net.sourceforge.jtds.jdbc.Driver] at URL [jdbc:jtds:sqlserver://127.0.0.1;instance=SQLEXPRESS;DatabaseName=ip_addresses]
2013-12-10 13:33:12,004 INFO  [ DriverManagerConnectionProviderImpl.java : 156 : configure            ] - HHH000046: Connection properties: {user=andrew, password=****, autocommit=true, show_sql=true, release_mode=auto}
2013-12-10 13:33:18,354 INFO  [ Dialect.java                        : 128 : <init>               ] - HHH000400: Using dialect: org.hibernate.dialect.SQLServerDialect
2013-12-10 13:33:18,372 INFO  [ LobCreatorBuilder.java              : 94  : useContextualLobCreation ] - HHH000423: Disabling contextual LOB creation as JDBC driver reported JDBC version [3] less than 4
2013-12-10 13:33:18,390 INFO  [ TransactionFactoryInitiator.java    : 73  : initiateService      ] - HHH000268: Transaction strategy: org.hibernate.engine.transaction.internal.jdbc.JdbcTransactionFactory
2013-12-10 13:33:18,398 INFO  [ ASTQueryTranslatorFactory.java      : 48  : <init>               ] - HHH000397: Using ASTQueryTranslatorFactory
2013-12-10 13:33:20,031 INFO  [ TransactionalTestExecutionListener.java : 272 : startNewTransaction  ] - Began transaction (1): transaction manager [org.springframework.orm.jpa.JpaTransactionManager@6534c9ff]; rollback [true]
2013-12-10 13:33:20,097 INFO  [ TransactionalTestExecutionListener.java : 292 : endTransaction       ] - Rolled back transaction after test execution for test context [[TestContext@62a664a3 testClass = PaginationSettingsDaoImplTest, locations = array<String>['file:src/main/webapp/WEB-INF/spring/root-context.xml'], testInstance = tc.lv.dao.implementations.PaginationSettingsDaoImplTest@1a193bee, testMethod = findAllPaginationSettings@PaginationSettingsDaoImplTest, testException = [null]]]
2013-12-10 13:33:20,126 INFO  [ TransactionalTestExecutionListener.java : 272 : startNewTransaction  ] - Began transaction (1): transaction manager [org.springframework.orm.jpa.JpaTransactionManager@6534c9ff]; rollback [true]
2013-12-10 13:33:20,127 INFO  [ TransactionalTestExecutionListener.java : 292 : endTransaction       ] - Rolled back transaction after test execution for test context [[TestContext@5c5df228 testClass = UnzipperDaoImplTest, locations = array<String>['file:src/main/webapp/WEB-INF/spring/root-context.xml'], testInstance = tc.lv.dao.implementations.UnzipperDaoImplTest@1bc54f78, testMethod = test@UnzipperDaoImplTest, testException = [null]]]
2013-12-10 13:33:20,160 INFO  [ TransactionalTestExecutionListener.java : 272 : startNewTransaction  ] - Began transaction (1): transaction manager [org.springframework.orm.jpa.JpaTransactionManager@6534c9ff]; rollback [true]
2013-12-10 13:33:20,207 INFO  [ TransactionalTestExecutionListener.java : 292 : endTransaction       ] - Rolled back transaction after test execution for test context [[TestContext@7945c53e testClass = UserDaoImplTest, locations = array<String>['file:src/main/webapp/WEB-INF/spring/root-context.xml'], testInstance = tc.lv.dao.implementations.UserDaoImplTest@5398a7a5, testMethod = saveUser@UserDaoImplTest, testException = [null]]]
2013-12-10 13:33:20,209 INFO  [ TransactionalTestExecutionListener.java : 272 : startNewTransaction  ] - Began transaction (2): transaction manager [org.springframework.orm.jpa.JpaTransactionManager@6534c9ff]; rollback [true]
2013-12-10 13:33:20,229 INFO  [ TransactionalTestExecutionListener.java : 292 : endTransaction       ] - Rolled back transaction after test execution for test context [[TestContext@7945c53e testClass = UserDaoImplTest, locations = array<String>['file:src/main/webapp/WEB-INF/spring/root-context.xml'], testInstance = tc.lv.dao.implementations.UserDaoImplTest@43b7547d, testMethod = findUserByRoleAdmin@UserDaoImplTest, testException = [null]]]
2013-12-10 13:33:20,231 INFO  [ TransactionalTestExecutionListener.java : 272 : startNewTransaction  ] - Began transaction (3): transaction manager [org.springframework.orm.jpa.JpaTransactionManager@6534c9ff]; rollback [true]
2013-12-10 13:33:20,238 INFO  [ TransactionalTestExecutionListener.java : 292 : endTransaction       ] - Rolled back transaction after test execution for test context [[TestContext@7945c53e testClass = UserDaoImplTest, locations = array<String>['file:src/main/webapp/WEB-INF/spring/root-context.xml'], testInstance = tc.lv.dao.implementations.UserDaoImplTest@232df1e9, testMethod = findUserByRoleUser@UserDaoImplTest, testException = [null]]]
2013-12-10 13:33:20,241 INFO  [ TransactionalTestExecutionListener.java : 272 : startNewTransaction  ] - Began transaction (4): transaction manager [org.springframework.orm.jpa.JpaTransactionManager@6534c9ff]; rollback [true]
2013-12-10 13:33:20,249 INFO  [ TransactionalTestExecutionListener.java : 292 : endTransaction       ] - Rolled back transaction after test execution for test context [[TestContext@7945c53e testClass = UserDaoImplTest, locations = array<String>['file:src/main/webapp/WEB-INF/spring/root-context.xml'], testInstance = tc.lv.dao.implementations.UserDaoImplTest@4bed9cf7, testMethod = updateUser@UserDaoImplTest, testException = [null]]]
2013-12-10 13:33:20,251 INFO  [ TransactionalTestExecutionListener.java : 272 : startNewTransaction  ] - Began transaction (5): transaction manager [org.springframework.orm.jpa.JpaTransactionManager@6534c9ff]; rollback [true]
2013-12-10 13:33:20,255 INFO  [ TransactionalTestExecutionListener.java : 292 : endTransaction       ] - Rolled back transaction after test execution for test context [[TestContext@7945c53e testClass = UserDaoImplTest, locations = array<String>['file:src/main/webapp/WEB-INF/spring/root-context.xml'], testInstance = tc.lv.dao.implementations.UserDaoImplTest@46c4ee90, testMethod = findUserByName@UserDaoImplTest, testException = [null]]]
2013-12-10 13:33:20,257 INFO  [ TransactionalTestExecutionListener.java : 272 : startNewTransaction  ] - Began transaction (6): transaction manager [org.springframework.orm.jpa.JpaTransactionManager@6534c9ff]; rollback [true]
2013-12-10 13:33:20,275 INFO  [ TransactionalTestExecutionListener.java : 292 : endTransaction       ] - Rolled back transaction after test execution for test context [[TestContext@7945c53e testClass = UserDaoImplTest, locations = array<String>['file:src/main/webapp/WEB-INF/spring/root-context.xml'], testInstance = tc.lv.dao.implementations.UserDaoImplTest@6d8cadcd, testMethod = removeUser@UserDaoImplTest, testException = [null]]]
2013-12-10 13:33:20,298 INFO  [ TransactionalTestExecutionListener.java : 272 : startNewTransaction  ] - Began transaction (1): transaction manager [org.springframework.orm.jpa.JpaTransactionManager@6534c9ff]; rollback [true]
2013-12-10 13:33:20,300 INFO  [ TransactionalTestExecutionListener.java : 292 : endTransaction       ] - Rolled back transaction after test execution for test context [[TestContext@1ffb28a4 testClass = CountryDaoImplTest, locations = array<String>['file:src/main/webapp/WEB-INF/spring/root-context.xml'], testInstance = tc.lv.dao.implementations.CountryDaoImplTest@22293763, testMethod = updateCountry@CountryDaoImplTest, testException = [null]]]
2013-12-10 13:33:20,302 INFO  [ TransactionalTestExecutionListener.java : 272 : startNewTransaction  ] - Began transaction (2): transaction manager [org.springframework.orm.jpa.JpaTransactionManager@6534c9ff]; rollback [true]
2013-12-10 13:33:20,304 INFO  [ TransactionalTestExecutionListener.java : 292 : endTransaction       ] - Rolled back transaction after test execution for test context [[TestContext@1ffb28a4 testClass = CountryDaoImplTest, locations = array<String>['file:src/main/webapp/WEB-INF/spring/root-context.xml'], testInstance = tc.lv.dao.implementations.CountryDaoImplTest@6e2243fb, testMethod = isCountryExists@CountryDaoImplTest, testException = [null]]]
2013-12-10 13:33:20,305 INFO  [ TransactionalTestExecutionListener.java : 272 : startNewTransaction  ] - Began transaction (3): transaction manager [org.springframework.orm.jpa.JpaTransactionManager@6534c9ff]; rollback [true]
2013-12-10 13:33:20,307 INFO  [ TransactionalTestExecutionListener.java : 292 : endTransaction       ] - Rolled back transaction after test execution for test context [[TestContext@1ffb28a4 testClass = CountryDaoImplTest, locations = array<String>['file:src/main/webapp/WEB-INF/spring/root-context.xml'], testInstance = tc.lv.dao.implementations.CountryDaoImplTest@4dc938e7, testMethod = saveCountry@CountryDaoImplTest, testException = [null]]]
2013-12-10 13:33:20,334 INFO  [ TransactionalTestExecutionListener.java : 272 : startNewTransaction  ] - Began transaction (1): transaction manager [org.springframework.orm.jpa.JpaTransactionManager@6534c9ff]; rollback [true]
2013-12-10 13:33:20,336 INFO  [ TransactionalTestExecutionListener.java : 292 : endTransaction       ] - Rolled back transaction after test execution for test context [[TestContext@4acaef4c testClass = CityDaoImplTest, locations = array<String>['file:src/main/webapp/WEB-INF/spring/root-context.xml'], testInstance = tc.lv.dao.implementations.CityDaoImplTest@51248cf0, testMethod = saveCity@CityDaoImplTest, testException = [null]]]
2013-12-10 13:33:20,338 INFO  [ TransactionalTestExecutionListener.java : 272 : startNewTransaction  ] - Began transaction (2): transaction manager [org.springframework.orm.jpa.JpaTransactionManager@6534c9ff]; rollback [true]
2013-12-10 13:33:20,341 INFO  [ TransactionalTestExecutionListener.java : 292 : endTransaction       ] - Rolled back transaction after test execution for test context [[TestContext@4acaef4c testClass = CityDaoImplTest, locations = array<String>['file:src/main/webapp/WEB-INF/spring/root-context.xml'], testInstance = tc.lv.dao.implementations.CityDaoImplTest@115faadb, testMethod = findCityNameListByStatusForWhiteList@CityDaoImplTest, testException = [null]]]
2013-12-10 13:33:20,343 INFO  [ TransactionalTestExecutionListener.java : 272 : startNewTransaction  ] - Began transaction (3): transaction manager [org.springframework.orm.jpa.JpaTransactionManager@6534c9ff]; rollback [true]
2013-12-10 13:33:20,346 INFO  [ TransactionalTestExecutionListener.java : 292 : endTransaction       ] - Rolled back transaction after test execution for test context [[TestContext@4acaef4c testClass = CityDaoImplTest, locations = array<String>['file:src/main/webapp/WEB-INF/spring/root-context.xml'], testInstance = tc.lv.dao.implementations.CityDaoImplTest@71e93fad, testMethod = updateCity@CityDaoImplTest, testException = [null]]]
2013-12-10 13:33:20,348 INFO  [ TransactionalTestExecutionListener.java : 272 : startNewTransaction  ] - Began transaction (4): transaction manager [org.springframework.orm.jpa.JpaTransactionManager@6534c9ff]; rollback [true]
2013-12-10 13:33:20,352 INFO  [ TransactionalTestExecutionListener.java : 292 : endTransaction       ] - Rolled back transaction after test execution for test context [[TestContext@4acaef4c testClass = CityDaoImplTest, locations = array<String>['file:src/main/webapp/WEB-INF/spring/root-context.xml'], testInstance = tc.lv.dao.implementations.CityDaoImplTest@2f823052, testMethod = isCityExists@CityDaoImplTest, testException = [null]]]
2013-12-10 13:33:20,354 INFO  [ TransactionalTestExecutionListener.java : 272 : startNewTransaction  ] - Began transaction (5): transaction manager [org.springframework.orm.jpa.JpaTransactionManager@6534c9ff]; rollback [true]
2013-12-10 13:33:20,356 INFO  [ TransactionalTestExecutionListener.java : 292 : endTransaction       ] - Rolled back transaction after test execution for test context [[TestContext@4acaef4c testClass = CityDaoImplTest, locations = array<String>['file:src/main/webapp/WEB-INF/spring/root-context.xml'], testInstance = tc.lv.dao.implementations.CityDaoImplTest@600d6e9f, testMethod = findCityNameListByStatusForBlackList@CityDaoImplTest, testException = [null]]]
2013-12-10 13:33:20,384 INFO  [ TransactionalTestExecutionListener.java : 272 : startNewTransaction  ] - Began transaction (1): transaction manager [org.springframework.orm.jpa.JpaTransactionManager@6534c9ff]; rollback [true]
2013-12-10 13:33:20,399 INFO  [ TransactionalTestExecutionListener.java : 292 : endTransaction       ] - Rolled back transaction after test execution for test context [[TestContext@424fd90d testClass = SourceDaoImplTest, locations = array<String>['file:src/main/webapp/WEB-INF/spring/root-context.xml'], testInstance = tc.lv.dao.implementations.SourceDaoImplTest@833067e, testMethod = updateSource@SourceDaoImplTest, testException = [null]]]
2013-12-10 13:33:20,405 INFO  [ TransactionalTestExecutionListener.java : 272 : startNewTransaction  ] - Began transaction (2): transaction manager [org.springframework.orm.jpa.JpaTransactionManager@6534c9ff]; rollback [true]
2013-12-10 13:33:20,412 INFO  [ TransactionalTestExecutionListener.java : 292 : endTransaction       ] - Rolled back transaction after test execution for test context [[TestContext@424fd90d testClass = SourceDaoImplTest, locations = array<String>['file:src/main/webapp/WEB-INF/spring/root-context.xml'], testInstance = tc.lv.dao.implementations.SourceDaoImplTest@5d4dd96, testMethod = deleteSource@SourceDaoImplTest, testException = [null]]]
2013-12-10 13:33:20,415 INFO  [ TransactionalTestExecutionListener.java : 272 : startNewTransaction  ] - Began transaction (3): transaction manager [org.springframework.orm.jpa.JpaTransactionManager@6534c9ff]; rollback [true]
2013-12-10 13:33:20,422 INFO  [ TransactionalTestExecutionListener.java : 292 : endTransaction       ] - Rolled back transaction after test execution for test context [[TestContext@424fd90d testClass = SourceDaoImplTest, locations = array<String>['file:src/main/webapp/WEB-INF/spring/root-context.xml'], testInstance = tc.lv.dao.implementations.SourceDaoImplTest@724c2b59, testMethod = findAllSource@SourceDaoImplTest, testException = [null]]]
2013-12-10 13:33:20,424 INFO  [ TransactionalTestExecutionListener.java : 272 : startNewTransaction  ] - Began transaction (4): transaction manager [org.springframework.orm.jpa.JpaTransactionManager@6534c9ff]; rollback [true]
2013-12-10 13:33:20,427 INFO  [ TransactionalTestExecutionListener.java : 292 : endTransaction       ] - Rolled back transaction after test execution for test context [[TestContext@424fd90d testClass = SourceDaoImplTest, locations = array<String>['file:src/main/webapp/WEB-INF/spring/root-context.xml'], testInstance = tc.lv.dao.implementations.SourceDaoImplTest@f4dd5a0, testMethod = findSourceByName@SourceDaoImplTest, testException = [null]]]
2013-12-10 13:33:20,429 INFO  [ TransactionalTestExecutionListener.java : 272 : startNewTransaction  ] - Began transaction (5): transaction manager [org.springframework.orm.jpa.JpaTransactionManager@6534c9ff]; rollback [true]
2013-12-10 13:33:20,431 INFO  [ TransactionalTestExecutionListener.java : 292 : endTransaction       ] - Rolled back transaction after test execution for test context [[TestContext@424fd90d testClass = SourceDaoImplTest, locations = array<String>['file:src/main/webapp/WEB-INF/spring/root-context.xml'], testInstance = tc.lv.dao.implementations.SourceDaoImplTest@4e4042b9, testMethod = saveSource@SourceDaoImplTest, testException = [null]]]
2013-12-10 13:33:20,433 INFO  [ TransactionalTestExecutionListener.java : 272 : startNewTransaction  ] - Began transaction (6): transaction manager [org.springframework.orm.jpa.JpaTransactionManager@6534c9ff]; rollback [true]
2013-12-10 13:33:20,437 INFO  [ TransactionalTestExecutionListener.java : 292 : endTransaction       ] - Rolled back transaction after test execution for test context [[TestContext@424fd90d testClass = SourceDaoImplTest, locations = array<String>['file:src/main/webapp/WEB-INF/spring/root-context.xml'], testInstance = tc.lv.dao.implementations.SourceDaoImplTest@4c057f2, testMethod = findSourceById@SourceDaoImplTest, testException = [null]]]
2013-12-10 13:33:20,439 INFO  [ AbstractApplicationContext.java     : 1020 : doClose              ] - Closing org.springframework.context.support.GenericApplicationContext@30fffd2c: startup date [Tue Dec 10 13:33:09 EET 2013]; root of context hierarchy
2013-12-10 13:33:20,658 INFO  [ DefaultSingletonBeanRegistry.java   : 433 : destroySingletons    ] - Destroying singletons in org.springframework.beans.factory.support.DefaultListableBeanFactory@53c8bb96: defining beans [org.springframework.context.annotation.internalConfigurationAnnotationProcessor,org.springframework.context.annotation.internalAutowiredAnnotationProcessor,org.springframework.context.annotation.internalRequiredAnnotationProcessor,org.springframework.context.annotation.internalCommonAnnotationProcessor,org.springframework.context.annotation.internalPersistenceAnnotationProcessor,org.springframework.aop.config.internalAutoProxyCreator,org.springframework.transaction.annotation.AnnotationTransactionAttributeSource#0,org.springframework.transaction.interceptor.TransactionInterceptor#0,org.springframework.transaction.config.internalTransactionAdvisor,entityManagerFactory,transactionManager,cityDaoImpl,countryDaoImpl,ipAddressDaoImpl,paginationSettingsDaoImpl,parserDaoImpl,sourceDaoImpl,unzipperDaoImpl,userDaoImpl,assembler,geoIpServiceImpl,ipAddressSaveDetailsServiceImpl,ipAddressServiceImpl,ipStatusListServiceImpl,jsonServiceImpl,locationServiceImpl,paginationServiceImpl,parserResultServiceImpl,sourceDownloaderServiceImpl,sourceServiceImpl,userDetailsService,userServiceImpl,org.springframework.context.annotation.ConfigurationClassPostProcessor$ImportAwareBeanPostProcessor#0]; root of factory hierarchy
2013-12-10 13:33:20,661 INFO  [ AbstractEntityManagerFactoryBean.java : 441 : destroy              ] - Closing JPA EntityManagerFactory for persistence unit 'primary'
2013-12-10 13:33:20,662 INFO  [ DriverManagerConnectionProviderImpl.java : 160 : stop                 ] - HHH000030: Cleaning up connection pool [jdbc:jtds:sqlserver://127.0.0.1;instance=SQLEXPRESS;DatabaseName=ip_addresses]
