2013-12-03 12:52:00,828 [main] INFO  (TestContextManager.java:185:retrieveTestExecutionListeners)  TestContextManager  - @TestExecutionListeners is not present for class [class tc.lv.dao.implementations.PaginationSettingsDaoImplTest]: using defaults.
2013-12-03 12:52:01,031 [main] INFO  (XmlBeanDefinitionReader.java:315:loadBeanDefinitions)  XmlBeanDefinitionReader  - Loading XML bean definitions from URL [file:src/main/webapp/WEB-INF/spring/root-context.xml]
2013-12-03 12:52:01,347 [main] INFO  (ClassPathScanningCandidateComponentProvider.java:210:registerDefaultFilters)  ClassPathBeanDefinitionScanner  - JSR-330 'javax.inject.Named' annotation found and supported for component scanning
2013-12-03 12:52:01,404 [main] INFO  (ClassPathScanningCandidateComponentProvider.java:210:registerDefaultFilters)  ClassPathBeanDefinitionScanner  - JSR-330 'javax.inject.Named' annotation found and supported for component scanning
2013-12-03 12:52:01,440 [main] INFO  (AbstractApplicationContext.java:495:prepareRefresh)  GenericApplicationContext  - Refreshing org.springframework.context.support.GenericApplicationContext@108c53f9: startup date [Tue Dec 03 12:52:01 EET 2013]; root of context hierarchy
2013-12-03 12:52:01,569 [main] INFO  (AutowiredAnnotationBeanPostProcessor.java:139:<init>)  AutowiredAnnotationBeanPostProcessor  - JSR-330 'javax.inject.Inject' annotation found and supported for autowiring
2013-12-03 12:52:01,647 [main] INFO  (DefaultListableBeanFactory.java:557:preInstantiateSingletons)  DefaultListableBeanFactory  - Pre-instantiating singletons in org.springframework.beans.factory.support.DefaultListableBeanFactory@2d19587d: defining beans [org.springframework.context.annotation.internalConfigurationAnnotationProcessor,org.springframework.context.annotation.internalAutowiredAnnotationProcessor,org.springframework.context.annotation.internalRequiredAnnotationProcessor,org.springframework.context.annotation.internalCommonAnnotationProcessor,org.springframework.context.annotation.internalPersistenceAnnotationProcessor,org.springframework.aop.config.internalAutoProxyCreator,org.springframework.transaction.annotation.AnnotationTransactionAttributeSource#0,org.springframework.transaction.interceptor.TransactionInterceptor#0,org.springframework.transaction.config.internalTransactionAdvisor,entityManagerFactory,transactionManager,cityDaoImpl,countryDaoImpl,ipAddressDaoImpl,paginationSettingsDaoImpl,sourceDaoImpl,userDaoImpl,assembler,geoIpServiceImpl,ipAddressSaveDetailsServiceImpl,ipAddressServiceImpl,ipStatusListServiceImpl,jsonServiceImpl,locationServiceImpl,paginationServiceImpl,parserResultServiceImpl,sourceDownloaderServiceImpl,sourceServiceImpl,userDetailsService,userServiceImpl,org.springframework.context.annotation.ConfigurationClassPostProcessor$ImportAwareBeanPostProcessor#0]; root of factory hierarchy
2013-12-03 12:52:01,772 [main] INFO  (LocalContainerEntityManagerFactoryBean.java:264:createNativeEntityManagerFactory)  LocalContainerEntityManagerFactoryBean  - Building JPA container EntityManagerFactory for persistence unit 'primary'
2013-12-03 12:52:02,006 [main] INFO  (Version.java:37:<clinit>)  Version  - HCANN000001: Hibernate Commons Annotations {4.0.1.Final}
2013-12-03 12:52:02,006 [main] INFO  (Version.java:41:logVersion)  Version  - HHH000412: Hibernate Core {4.2.1.Final}
2013-12-03 12:52:02,022 [main] INFO  (Environment.java:239:<clinit>)  Environment  - HHH000206: hibernate.properties not found
2013-12-03 12:52:02,022 [main] INFO  (Environment.java:342:buildBytecodeProvider)  Environment  - HHH000021: Bytecode provider name : javassist
2013-12-03 12:52:02,053 [main] INFO  (Ejb3Configuration.java:528:configure)  Ejb3Configuration  - HHH000204: Processing PersistenceUnitInfo [
	name: primary
	...]
2013-12-03 12:52:02,490 [main] INFO  (DriverManagerConnectionProviderImpl.java:98:configure)  DriverManagerConnectionProviderImpl  - HHH000402: Using Hibernate built-in connection pool (not for production use!)
2013-12-03 12:52:02,506 [main] INFO  (DriverManagerConnectionProviderImpl.java:134:configure)  DriverManagerConnectionProviderImpl  - HHH000115: Hibernate connection pool size: 20
2013-12-03 12:52:02,506 [main] INFO  (DriverManagerConnectionProviderImpl.java:137:configure)  DriverManagerConnectionProviderImpl  - HHH000006: Autocommit mode: true
2013-12-03 12:52:02,506 [main] INFO  (DriverManagerConnectionProviderImpl.java:151:configure)  DriverManagerConnectionProviderImpl  - HHH000401: using driver [net.sourceforge.jtds.jdbc.Driver] at URL [jdbc:jtds:sqlserver://127.0.0.1;instance=SQLEXPRESS;DatabaseName=ip_addresses]
2013-12-03 12:52:02,506 [main] INFO  (DriverManagerConnectionProviderImpl.java:156:configure)  DriverManagerConnectionProviderImpl  - HHH000046: Connection properties: {user=andrew, password=****, autocommit=true, show_sql=true, release_mode=auto}
2013-12-03 12:52:08,772 [main] INFO  (Dialect.java:128:<init>)  Dialect  - HHH000400: Using dialect: org.hibernate.dialect.SQLServerDialect
2013-12-03 12:52:08,788 [main] INFO  (LobCreatorBuilder.java:94:useContextualLobCreation)  LobCreatorBuilder  - HHH000423: Disabling contextual LOB creation as JDBC driver reported JDBC version [3] less than 4
2013-12-03 12:52:08,788 [main] INFO  (TransactionFactoryInitiator.java:73:initiateService)  TransactionFactoryInitiator  - HHH000268: Transaction strategy: org.hibernate.engine.transaction.internal.jdbc.JdbcTransactionFactory
2013-12-03 12:52:08,803 [main] INFO  (ASTQueryTranslatorFactory.java:48:<init>)  ASTQueryTranslatorFactory  - HHH000397: Using ASTQueryTranslatorFactory
2013-12-03 12:52:09,819 [main] INFO  (TransactionalTestExecutionListener.java:272:startNewTransaction)  TransactionalTestExecutionListener  - Began transaction (1): transaction manager [org.springframework.orm.jpa.JpaTransactionManager@557cf38f]; rollback [true]
2013-12-03 12:52:09,866 [main] INFO  (TransactionalTestExecutionListener.java:292:endTransaction)  TransactionalTestExecutionListener  - Rolled back transaction after test execution for test context [[TestContext@7f145b3 testClass = PaginationSettingsDaoImplTest, locations = array<String>['file:src/main/webapp/WEB-INF/spring/root-context.xml'], testInstance = tc.lv.dao.implementations.PaginationSettingsDaoImplTest@7116eed7, testMethod = findAllPaginationSettings@PaginationSettingsDaoImplTest, testException = arrays first differed at element [0]; expected: tc.lv.domain.PaginationSettings<tc.lv.domain.PaginationSettings@29> but was: tc.lv.domain.PaginationSettings<tc.lv.domain.PaginationSettings@29>]]
2013-12-03 12:52:09,882 [Thread-1] INFO  (AbstractApplicationContext.java:1020:doClose)  GenericApplicationContext  - Closing org.springframework.context.support.GenericApplicationContext@108c53f9: startup date [Tue Dec 03 12:52:01 EET 2013]; root of context hierarchy
2013-12-03 12:52:09,882 [Thread-1] INFO  (DefaultSingletonBeanRegistry.java:433:destroySingletons)  DefaultListableBeanFactory  - Destroying singletons in org.springframework.beans.factory.support.DefaultListableBeanFactory@2d19587d: defining beans [org.springframework.context.annotation.internalConfigurationAnnotationProcessor,org.springframework.context.annotation.internalAutowiredAnnotationProcessor,org.springframework.context.annotation.internalRequiredAnnotationProcessor,org.springframework.context.annotation.internalCommonAnnotationProcessor,org.springframework.context.annotation.internalPersistenceAnnotationProcessor,org.springframework.aop.config.internalAutoProxyCreator,org.springframework.transaction.annotation.AnnotationTransactionAttributeSource#0,org.springframework.transaction.interceptor.TransactionInterceptor#0,org.springframework.transaction.config.internalTransactionAdvisor,entityManagerFactory,transactionManager,cityDaoImpl,countryDaoImpl,ipAddressDaoImpl,paginationSettingsDaoImpl,sourceDaoImpl,userDaoImpl,assembler,geoIpServiceImpl,ipAddressSaveDetailsServiceImpl,ipAddressServiceImpl,ipStatusListServiceImpl,jsonServiceImpl,locationServiceImpl,paginationServiceImpl,parserResultServiceImpl,sourceDownloaderServiceImpl,sourceServiceImpl,userDetailsService,userServiceImpl,org.springframework.context.annotation.ConfigurationClassPostProcessor$ImportAwareBeanPostProcessor#0]; root of factory hierarchy
2013-12-03 12:52:09,882 [Thread-1] INFO  (AbstractEntityManagerFactoryBean.java:441:destroy)  LocalContainerEntityManagerFactoryBean  - Closing JPA EntityManagerFactory for persistence unit 'primary'
2013-12-03 12:52:09,882 [Thread-1] INFO  (DriverManagerConnectionProviderImpl.java:160:stop)  DriverManagerConnectionProviderImpl  - HHH000030: Cleaning up connection pool [jdbc:jtds:sqlserver://127.0.0.1;instance=SQLEXPRESS;DatabaseName=ip_addresses]
2013-12-03 13:51:28,765 [main] INFO  (TestContextManager.java:185:retrieveTestExecutionListeners)  TestContextManager  - @TestExecutionListeners is not present for class [class tc.lv.dao.implementations.CityDaoImplTest]: using defaults.
2013-12-03 13:51:28,952 [main] INFO  (XmlBeanDefinitionReader.java:315:loadBeanDefinitions)  XmlBeanDefinitionReader  - Loading XML bean definitions from URL [file:src/main/webapp/WEB-INF/spring/root-context.xml]
2013-12-03 13:51:29,155 [main] INFO  (ClassPathScanningCandidateComponentProvider.java:210:registerDefaultFilters)  ClassPathBeanDefinitionScanner  - JSR-330 'javax.inject.Named' annotation found and supported for component scanning
2013-12-03 13:51:29,202 [main] INFO  (ClassPathScanningCandidateComponentProvider.java:210:registerDefaultFilters)  ClassPathBeanDefinitionScanner  - JSR-330 'javax.inject.Named' annotation found and supported for component scanning
2013-12-03 13:51:29,234 [main] INFO  (AbstractApplicationContext.java:495:prepareRefresh)  GenericApplicationContext  - Refreshing org.springframework.context.support.GenericApplicationContext@479f43fa: startup date [Tue Dec 03 13:51:29 EET 2013]; root of context hierarchy
2013-12-03 13:51:29,359 [main] INFO  (AutowiredAnnotationBeanPostProcessor.java:139:<init>)  AutowiredAnnotationBeanPostProcessor  - JSR-330 'javax.inject.Inject' annotation found and supported for autowiring
2013-12-03 13:51:29,437 [main] INFO  (DefaultListableBeanFactory.java:557:preInstantiateSingletons)  DefaultListableBeanFactory  - Pre-instantiating singletons in org.springframework.beans.factory.support.DefaultListableBeanFactory@55eb776: defining beans [org.springframework.context.annotation.internalConfigurationAnnotationProcessor,org.springframework.context.annotation.internalAutowiredAnnotationProcessor,org.springframework.context.annotation.internalRequiredAnnotationProcessor,org.springframework.context.annotation.internalCommonAnnotationProcessor,org.springframework.context.annotation.internalPersistenceAnnotationProcessor,org.springframework.aop.config.internalAutoProxyCreator,org.springframework.transaction.annotation.AnnotationTransactionAttributeSource#0,org.springframework.transaction.interceptor.TransactionInterceptor#0,org.springframework.transaction.config.internalTransactionAdvisor,entityManagerFactory,transactionManager,cityDaoImpl,countryDaoImpl,ipAddressDaoImpl,paginationSettingsDaoImpl,sourceDaoImpl,userDaoImpl,assembler,geoIpServiceImpl,ipAddressSaveDetailsServiceImpl,ipAddressServiceImpl,ipStatusListServiceImpl,jsonServiceImpl,locationServiceImpl,paginationServiceImpl,parserResultServiceImpl,sourceDownloaderServiceImpl,sourceServiceImpl,userDetailsService,userServiceImpl,org.springframework.context.annotation.ConfigurationClassPostProcessor$ImportAwareBeanPostProcessor#0]; root of factory hierarchy
2013-12-03 13:51:29,562 [main] INFO  (LocalContainerEntityManagerFactoryBean.java:264:createNativeEntityManagerFactory)  LocalContainerEntityManagerFactoryBean  - Building JPA container EntityManagerFactory for persistence unit 'primary'
2013-12-03 13:51:29,780 [main] INFO  (Version.java:37:<clinit>)  Version  - HCANN000001: Hibernate Commons Annotations {4.0.1.Final}
2013-12-03 13:51:29,780 [main] INFO  (Version.java:41:logVersion)  Version  - HHH000412: Hibernate Core {4.2.1.Final}
2013-12-03 13:51:29,780 [main] INFO  (Environment.java:239:<clinit>)  Environment  - HHH000206: hibernate.properties not found
2013-12-03 13:51:29,796 [main] INFO  (Environment.java:342:buildBytecodeProvider)  Environment  - HHH000021: Bytecode provider name : javassist
2013-12-03 13:51:29,812 [main] INFO  (Ejb3Configuration.java:528:configure)  Ejb3Configuration  - HHH000204: Processing PersistenceUnitInfo [
	name: primary
	...]
2013-12-03 13:51:30,266 [main] INFO  (DriverManagerConnectionProviderImpl.java:98:configure)  DriverManagerConnectionProviderImpl  - HHH000402: Using Hibernate built-in connection pool (not for production use!)
2013-12-03 13:51:30,270 [main] INFO  (DriverManagerConnectionProviderImpl.java:134:configure)  DriverManagerConnectionProviderImpl  - HHH000115: Hibernate connection pool size: 20
2013-12-03 13:51:30,270 [main] INFO  (DriverManagerConnectionProviderImpl.java:137:configure)  DriverManagerConnectionProviderImpl  - HHH000006: Autocommit mode: true
2013-12-03 13:51:30,272 [main] INFO  (DriverManagerConnectionProviderImpl.java:151:configure)  DriverManagerConnectionProviderImpl  - HHH000401: using driver [net.sourceforge.jtds.jdbc.Driver] at URL [jdbc:jtds:sqlserver://127.0.0.1;instance=SQLEXPRESS;DatabaseName=ip_addresses]
2013-12-03 13:51:30,272 [main] INFO  (DriverManagerConnectionProviderImpl.java:156:configure)  DriverManagerConnectionProviderImpl  - HHH000046: Connection properties: {user=andrew, password=****, autocommit=true, show_sql=true, release_mode=auto}
2013-12-03 13:51:36,692 [main] INFO  (Dialect.java:128:<init>)  Dialect  - HHH000400: Using dialect: org.hibernate.dialect.SQLServerDialect
2013-12-03 13:51:36,708 [main] INFO  (LobCreatorBuilder.java:94:useContextualLobCreation)  LobCreatorBuilder  - HHH000423: Disabling contextual LOB creation as JDBC driver reported JDBC version [3] less than 4
2013-12-03 13:51:36,723 [main] INFO  (TransactionFactoryInitiator.java:73:initiateService)  TransactionFactoryInitiator  - HHH000268: Transaction strategy: org.hibernate.engine.transaction.internal.jdbc.JdbcTransactionFactory
2013-12-03 13:51:36,723 [main] INFO  (ASTQueryTranslatorFactory.java:48:<init>)  ASTQueryTranslatorFactory  - HHH000397: Using ASTQueryTranslatorFactory
2013-12-03 13:51:37,708 [main] INFO  (TransactionalTestExecutionListener.java:272:startNewTransaction)  TransactionalTestExecutionListener  - Began transaction (1): transaction manager [org.springframework.orm.jpa.JpaTransactionManager@557cf38f]; rollback [true]
2013-12-03 13:51:37,739 [main] INFO  (TransactionalTestExecutionListener.java:292:endTransaction)  TransactionalTestExecutionListener  - Rolled back transaction after test execution for test context [[TestContext@3186acfb testClass = CityDaoImplTest, locations = array<String>['file:src/main/webapp/WEB-INF/spring/root-context.xml'], testInstance = tc.lv.dao.implementations.CityDaoImplTest@c6ac24, testMethod = findCityNameListByStatus@CityDaoImplTest, testException = [null]]]
2013-12-03 13:51:37,739 [Thread-1] INFO  (AbstractApplicationContext.java:1020:doClose)  GenericApplicationContext  - Closing org.springframework.context.support.GenericApplicationContext@479f43fa: startup date [Tue Dec 03 13:51:29 EET 2013]; root of context hierarchy
2013-12-03 13:51:37,739 [Thread-1] INFO  (DefaultSingletonBeanRegistry.java:433:destroySingletons)  DefaultListableBeanFactory  - Destroying singletons in org.springframework.beans.factory.support.DefaultListableBeanFactory@55eb776: defining beans [org.springframework.context.annotation.internalConfigurationAnnotationProcessor,org.springframework.context.annotation.internalAutowiredAnnotationProcessor,org.springframework.context.annotation.internalRequiredAnnotationProcessor,org.springframework.context.annotation.internalCommonAnnotationProcessor,org.springframework.context.annotation.internalPersistenceAnnotationProcessor,org.springframework.aop.config.internalAutoProxyCreator,org.springframework.transaction.annotation.AnnotationTransactionAttributeSource#0,org.springframework.transaction.interceptor.TransactionInterceptor#0,org.springframework.transaction.config.internalTransactionAdvisor,entityManagerFactory,transactionManager,cityDaoImpl,countryDaoImpl,ipAddressDaoImpl,paginationSettingsDaoImpl,sourceDaoImpl,userDaoImpl,assembler,geoIpServiceImpl,ipAddressSaveDetailsServiceImpl,ipAddressServiceImpl,ipStatusListServiceImpl,jsonServiceImpl,locationServiceImpl,paginationServiceImpl,parserResultServiceImpl,sourceDownloaderServiceImpl,sourceServiceImpl,userDetailsService,userServiceImpl,org.springframework.context.annotation.ConfigurationClassPostProcessor$ImportAwareBeanPostProcessor#0]; root of factory hierarchy
2013-12-03 13:51:37,756 [Thread-1] INFO  (AbstractEntityManagerFactoryBean.java:441:destroy)  LocalContainerEntityManagerFactoryBean  - Closing JPA EntityManagerFactory for persistence unit 'primary'
2013-12-03 13:51:37,756 [Thread-1] INFO  (DriverManagerConnectionProviderImpl.java:160:stop)  DriverManagerConnectionProviderImpl  - HHH000030: Cleaning up connection pool [jdbc:jtds:sqlserver://127.0.0.1;instance=SQLEXPRESS;DatabaseName=ip_addresses]
2013-12-03 13:52:26,806 [main] INFO  (TestContextManager.java:185:retrieveTestExecutionListeners)  TestContextManager  - @TestExecutionListeners is not present for class [class tc.lv.dao.implementations.CityDaoImplTest]: using defaults.
2013-12-03 13:52:26,962 [main] INFO  (XmlBeanDefinitionReader.java:315:loadBeanDefinitions)  XmlBeanDefinitionReader  - Loading XML bean definitions from URL [file:src/main/webapp/WEB-INF/spring/root-context.xml]
2013-12-03 13:52:27,181 [main] INFO  (ClassPathScanningCandidateComponentProvider.java:210:registerDefaultFilters)  ClassPathBeanDefinitionScanner  - JSR-330 'javax.inject.Named' annotation found and supported for component scanning
2013-12-03 13:52:27,228 [main] INFO  (ClassPathScanningCandidateComponentProvider.java:210:registerDefaultFilters)  ClassPathBeanDefinitionScanner  - JSR-330 'javax.inject.Named' annotation found and supported for component scanning
2013-12-03 13:52:27,259 [main] INFO  (AbstractApplicationContext.java:495:prepareRefresh)  GenericApplicationContext  - Refreshing org.springframework.context.support.GenericApplicationContext@479f43fa: startup date [Tue Dec 03 13:52:27 EET 2013]; root of context hierarchy
2013-12-03 13:52:27,369 [main] INFO  (AutowiredAnnotationBeanPostProcessor.java:139:<init>)  AutowiredAnnotationBeanPostProcessor  - JSR-330 'javax.inject.Inject' annotation found and supported for autowiring
2013-12-03 13:52:27,447 [main] INFO  (DefaultListableBeanFactory.java:557:preInstantiateSingletons)  DefaultListableBeanFactory  - Pre-instantiating singletons in org.springframework.beans.factory.support.DefaultListableBeanFactory@55eb776: defining beans [org.springframework.context.annotation.internalConfigurationAnnotationProcessor,org.springframework.context.annotation.internalAutowiredAnnotationProcessor,org.springframework.context.annotation.internalRequiredAnnotationProcessor,org.springframework.context.annotation.internalCommonAnnotationProcessor,org.springframework.context.annotation.internalPersistenceAnnotationProcessor,org.springframework.aop.config.internalAutoProxyCreator,org.springframework.transaction.annotation.AnnotationTransactionAttributeSource#0,org.springframework.transaction.interceptor.TransactionInterceptor#0,org.springframework.transaction.config.internalTransactionAdvisor,entityManagerFactory,transactionManager,cityDaoImpl,countryDaoImpl,ipAddressDaoImpl,paginationSettingsDaoImpl,sourceDaoImpl,userDaoImpl,assembler,geoIpServiceImpl,ipAddressSaveDetailsServiceImpl,ipAddressServiceImpl,ipStatusListServiceImpl,jsonServiceImpl,locationServiceImpl,paginationServiceImpl,parserResultServiceImpl,sourceDownloaderServiceImpl,sourceServiceImpl,userDetailsService,userServiceImpl,org.springframework.context.annotation.ConfigurationClassPostProcessor$ImportAwareBeanPostProcessor#0]; root of factory hierarchy
2013-12-03 13:52:27,587 [main] INFO  (LocalContainerEntityManagerFactoryBean.java:264:createNativeEntityManagerFactory)  LocalContainerEntityManagerFactoryBean  - Building JPA container EntityManagerFactory for persistence unit 'primary'
2013-12-03 13:52:27,791 [main] INFO  (Version.java:37:<clinit>)  Version  - HCANN000001: Hibernate Commons Annotations {4.0.1.Final}
2013-12-03 13:52:27,806 [main] INFO  (Version.java:41:logVersion)  Version  - HHH000412: Hibernate Core {4.2.1.Final}
2013-12-03 13:52:27,806 [main] INFO  (Environment.java:239:<clinit>)  Environment  - HHH000206: hibernate.properties not found
2013-12-03 13:52:27,806 [main] INFO  (Environment.java:342:buildBytecodeProvider)  Environment  - HHH000021: Bytecode provider name : javassist
2013-12-03 13:52:27,853 [main] INFO  (Ejb3Configuration.java:528:configure)  Ejb3Configuration  - HHH000204: Processing PersistenceUnitInfo [
	name: primary
	...]
2013-12-03 13:52:28,275 [main] INFO  (DriverManagerConnectionProviderImpl.java:98:configure)  DriverManagerConnectionProviderImpl  - HHH000402: Using Hibernate built-in connection pool (not for production use!)
2013-12-03 13:52:28,275 [main] INFO  (DriverManagerConnectionProviderImpl.java:134:configure)  DriverManagerConnectionProviderImpl  - HHH000115: Hibernate connection pool size: 20
2013-12-03 13:52:28,275 [main] INFO  (DriverManagerConnectionProviderImpl.java:137:configure)  DriverManagerConnectionProviderImpl  - HHH000006: Autocommit mode: true
2013-12-03 13:52:28,275 [main] INFO  (DriverManagerConnectionProviderImpl.java:151:configure)  DriverManagerConnectionProviderImpl  - HHH000401: using driver [net.sourceforge.jtds.jdbc.Driver] at URL [jdbc:jtds:sqlserver://127.0.0.1;instance=SQLEXPRESS;DatabaseName=ip_addresses]
2013-12-03 13:52:28,275 [main] INFO  (DriverManagerConnectionProviderImpl.java:156:configure)  DriverManagerConnectionProviderImpl  - HHH000046: Connection properties: {user=andrew, password=****, autocommit=true, show_sql=true, release_mode=auto}
2013-12-03 13:52:34,650 [main] INFO  (Dialect.java:128:<init>)  Dialect  - HHH000400: Using dialect: org.hibernate.dialect.SQLServerDialect
2013-12-03 13:52:34,666 [main] INFO  (LobCreatorBuilder.java:94:useContextualLobCreation)  LobCreatorBuilder  - HHH000423: Disabling contextual LOB creation as JDBC driver reported JDBC version [3] less than 4
2013-12-03 13:52:34,666 [main] INFO  (TransactionFactoryInitiator.java:73:initiateService)  TransactionFactoryInitiator  - HHH000268: Transaction strategy: org.hibernate.engine.transaction.internal.jdbc.JdbcTransactionFactory
2013-12-03 13:52:34,682 [main] INFO  (ASTQueryTranslatorFactory.java:48:<init>)  ASTQueryTranslatorFactory  - HHH000397: Using ASTQueryTranslatorFactory
2013-12-03 13:52:35,697 [main] INFO  (TransactionalTestExecutionListener.java:272:startNewTransaction)  TransactionalTestExecutionListener  - Began transaction (1): transaction manager [org.springframework.orm.jpa.JpaTransactionManager@7c54f14d]; rollback [true]
2013-12-03 13:52:35,730 [main] INFO  (TransactionalTestExecutionListener.java:292:endTransaction)  TransactionalTestExecutionListener  - Rolled back transaction after test execution for test context [[TestContext@78a38bac testClass = CityDaoImplTest, locations = array<String>['file:src/main/webapp/WEB-INF/spring/root-context.xml'], testInstance = tc.lv.dao.implementations.CityDaoImplTest@39270714, testMethod = findCityNameListByStatus@CityDaoImplTest, testException = [null]]]
2013-12-03 13:52:35,730 [Thread-1] INFO  (AbstractApplicationContext.java:1020:doClose)  GenericApplicationContext  - Closing org.springframework.context.support.GenericApplicationContext@479f43fa: startup date [Tue Dec 03 13:52:27 EET 2013]; root of context hierarchy
2013-12-03 13:52:35,730 [Thread-1] INFO  (DefaultSingletonBeanRegistry.java:433:destroySingletons)  DefaultListableBeanFactory  - Destroying singletons in org.springframework.beans.factory.support.DefaultListableBeanFactory@55eb776: defining beans [org.springframework.context.annotation.internalConfigurationAnnotationProcessor,org.springframework.context.annotation.internalAutowiredAnnotationProcessor,org.springframework.context.annotation.internalRequiredAnnotationProcessor,org.springframework.context.annotation.internalCommonAnnotationProcessor,org.springframework.context.annotation.internalPersistenceAnnotationProcessor,org.springframework.aop.config.internalAutoProxyCreator,org.springframework.transaction.annotation.AnnotationTransactionAttributeSource#0,org.springframework.transaction.interceptor.TransactionInterceptor#0,org.springframework.transaction.config.internalTransactionAdvisor,entityManagerFactory,transactionManager,cityDaoImpl,countryDaoImpl,ipAddressDaoImpl,paginationSettingsDaoImpl,sourceDaoImpl,userDaoImpl,assembler,geoIpServiceImpl,ipAddressSaveDetailsServiceImpl,ipAddressServiceImpl,ipStatusListServiceImpl,jsonServiceImpl,locationServiceImpl,paginationServiceImpl,parserResultServiceImpl,sourceDownloaderServiceImpl,sourceServiceImpl,userDetailsService,userServiceImpl,org.springframework.context.annotation.ConfigurationClassPostProcessor$ImportAwareBeanPostProcessor#0]; root of factory hierarchy
2013-12-03 13:52:35,730 [Thread-1] INFO  (AbstractEntityManagerFactoryBean.java:441:destroy)  LocalContainerEntityManagerFactoryBean  - Closing JPA EntityManagerFactory for persistence unit 'primary'
2013-12-03 13:52:35,730 [Thread-1] INFO  (DriverManagerConnectionProviderImpl.java:160:stop)  DriverManagerConnectionProviderImpl  - HHH000030: Cleaning up connection pool [jdbc:jtds:sqlserver://127.0.0.1;instance=SQLEXPRESS;DatabaseName=ip_addresses]
2013-12-03 13:54:14,898 [main] INFO  (TestContextManager.java:185:retrieveTestExecutionListeners)  TestContextManager  - @TestExecutionListeners is not present for class [class tc.lv.dao.implementations.CityDaoImplTest]: using defaults.
2013-12-03 13:54:15,055 [main] INFO  (XmlBeanDefinitionReader.java:315:loadBeanDefinitions)  XmlBeanDefinitionReader  - Loading XML bean definitions from URL [file:src/main/webapp/WEB-INF/spring/root-context.xml]
2013-12-03 13:54:15,289 [main] INFO  (ClassPathScanningCandidateComponentProvider.java:210:registerDefaultFilters)  ClassPathBeanDefinitionScanner  - JSR-330 'javax.inject.Named' annotation found and supported for component scanning
2013-12-03 13:54:15,336 [main] INFO  (ClassPathScanningCandidateComponentProvider.java:210:registerDefaultFilters)  ClassPathBeanDefinitionScanner  - JSR-330 'javax.inject.Named' annotation found and supported for component scanning
2013-12-03 13:54:15,367 [main] INFO  (AbstractApplicationContext.java:495:prepareRefresh)  GenericApplicationContext  - Refreshing org.springframework.context.support.GenericApplicationContext@479f43fa: startup date [Tue Dec 03 13:54:15 EET 2013]; root of context hierarchy
2013-12-03 13:54:15,492 [main] INFO  (AutowiredAnnotationBeanPostProcessor.java:139:<init>)  AutowiredAnnotationBeanPostProcessor  - JSR-330 'javax.inject.Inject' annotation found and supported for autowiring
2013-12-03 13:54:15,555 [main] INFO  (DefaultListableBeanFactory.java:557:preInstantiateSingletons)  DefaultListableBeanFactory  - Pre-instantiating singletons in org.springframework.beans.factory.support.DefaultListableBeanFactory@55eb776: defining beans [org.springframework.context.annotation.internalConfigurationAnnotationProcessor,org.springframework.context.annotation.internalAutowiredAnnotationProcessor,org.springframework.context.annotation.internalRequiredAnnotationProcessor,org.springframework.context.annotation.internalCommonAnnotationProcessor,org.springframework.context.annotation.internalPersistenceAnnotationProcessor,org.springframework.aop.config.internalAutoProxyCreator,org.springframework.transaction.annotation.AnnotationTransactionAttributeSource#0,org.springframework.transaction.interceptor.TransactionInterceptor#0,org.springframework.transaction.config.internalTransactionAdvisor,entityManagerFactory,transactionManager,cityDaoImpl,countryDaoImpl,ipAddressDaoImpl,paginationSettingsDaoImpl,sourceDaoImpl,userDaoImpl,assembler,geoIpServiceImpl,ipAddressSaveDetailsServiceImpl,ipAddressServiceImpl,ipStatusListServiceImpl,jsonServiceImpl,locationServiceImpl,paginationServiceImpl,parserResultServiceImpl,sourceDownloaderServiceImpl,sourceServiceImpl,userDetailsService,userServiceImpl,org.springframework.context.annotation.ConfigurationClassPostProcessor$ImportAwareBeanPostProcessor#0]; root of factory hierarchy
2013-12-03 13:54:15,680 [main] INFO  (LocalContainerEntityManagerFactoryBean.java:264:createNativeEntityManagerFactory)  LocalContainerEntityManagerFactoryBean  - Building JPA container EntityManagerFactory for persistence unit 'primary'
2013-12-03 13:54:15,898 [main] INFO  (Version.java:37:<clinit>)  Version  - HCANN000001: Hibernate Commons Annotations {4.0.1.Final}
2013-12-03 13:54:15,898 [main] INFO  (Version.java:41:logVersion)  Version  - HHH000412: Hibernate Core {4.2.1.Final}
2013-12-03 13:54:15,898 [main] INFO  (Environment.java:239:<clinit>)  Environment  - HHH000206: hibernate.properties not found
2013-12-03 13:54:15,898 [main] INFO  (Environment.java:342:buildBytecodeProvider)  Environment  - HHH000021: Bytecode provider name : javassist
2013-12-03 13:54:15,945 [main] INFO  (Ejb3Configuration.java:528:configure)  Ejb3Configuration  - HHH000204: Processing PersistenceUnitInfo [
	name: primary
	...]
2013-12-03 13:54:16,383 [main] INFO  (DriverManagerConnectionProviderImpl.java:98:configure)  DriverManagerConnectionProviderImpl  - HHH000402: Using Hibernate built-in connection pool (not for production use!)
2013-12-03 13:54:16,398 [main] INFO  (DriverManagerConnectionProviderImpl.java:134:configure)  DriverManagerConnectionProviderImpl  - HHH000115: Hibernate connection pool size: 20
2013-12-03 13:54:16,398 [main] INFO  (DriverManagerConnectionProviderImpl.java:137:configure)  DriverManagerConnectionProviderImpl  - HHH000006: Autocommit mode: true
2013-12-03 13:54:16,398 [main] INFO  (DriverManagerConnectionProviderImpl.java:151:configure)  DriverManagerConnectionProviderImpl  - HHH000401: using driver [net.sourceforge.jtds.jdbc.Driver] at URL [jdbc:jtds:sqlserver://127.0.0.1;instance=SQLEXPRESS;DatabaseName=ip_addresses]
2013-12-03 13:54:16,398 [main] INFO  (DriverManagerConnectionProviderImpl.java:156:configure)  DriverManagerConnectionProviderImpl  - HHH000046: Connection properties: {user=andrew, password=****, autocommit=true, show_sql=true, release_mode=auto}
2013-12-03 13:54:22,649 [main] INFO  (Dialect.java:128:<init>)  Dialect  - HHH000400: Using dialect: org.hibernate.dialect.SQLServerDialect
2013-12-03 13:54:22,664 [main] INFO  (LobCreatorBuilder.java:94:useContextualLobCreation)  LobCreatorBuilder  - HHH000423: Disabling contextual LOB creation as JDBC driver reported JDBC version [3] less than 4
2013-12-03 13:54:22,680 [main] INFO  (TransactionFactoryInitiator.java:73:initiateService)  TransactionFactoryInitiator  - HHH000268: Transaction strategy: org.hibernate.engine.transaction.internal.jdbc.JdbcTransactionFactory
2013-12-03 13:54:22,680 [main] INFO  (ASTQueryTranslatorFactory.java:48:<init>)  ASTQueryTranslatorFactory  - HHH000397: Using ASTQueryTranslatorFactory
2013-12-03 13:54:23,649 [main] INFO  (TransactionalTestExecutionListener.java:272:startNewTransaction)  TransactionalTestExecutionListener  - Began transaction (1): transaction manager [org.springframework.orm.jpa.JpaTransactionManager@5b454b]; rollback [true]
2013-12-03 13:54:23,680 [main] INFO  (TransactionalTestExecutionListener.java:292:endTransaction)  TransactionalTestExecutionListener  - Rolled back transaction after test execution for test context [[TestContext@31a68c36 testClass = CityDaoImplTest, locations = array<String>['file:src/main/webapp/WEB-INF/spring/root-context.xml'], testInstance = tc.lv.dao.implementations.CityDaoImplTest@2d3f46b1, testMethod = findCityNameListByStatus@CityDaoImplTest, testException = [null]]]
2013-12-03 13:54:23,680 [Thread-1] INFO  (AbstractApplicationContext.java:1020:doClose)  GenericApplicationContext  - Closing org.springframework.context.support.GenericApplicationContext@479f43fa: startup date [Tue Dec 03 13:54:15 EET 2013]; root of context hierarchy
2013-12-03 13:54:23,680 [Thread-1] INFO  (DefaultSingletonBeanRegistry.java:433:destroySingletons)  DefaultListableBeanFactory  - Destroying singletons in org.springframework.beans.factory.support.DefaultListableBeanFactory@55eb776: defining beans [org.springframework.context.annotation.internalConfigurationAnnotationProcessor,org.springframework.context.annotation.internalAutowiredAnnotationProcessor,org.springframework.context.annotation.internalRequiredAnnotationProcessor,org.springframework.context.annotation.internalCommonAnnotationProcessor,org.springframework.context.annotation.internalPersistenceAnnotationProcessor,org.springframework.aop.config.internalAutoProxyCreator,org.springframework.transaction.annotation.AnnotationTransactionAttributeSource#0,org.springframework.transaction.interceptor.TransactionInterceptor#0,org.springframework.transaction.config.internalTransactionAdvisor,entityManagerFactory,transactionManager,cityDaoImpl,countryDaoImpl,ipAddressDaoImpl,paginationSettingsDaoImpl,sourceDaoImpl,userDaoImpl,assembler,geoIpServiceImpl,ipAddressSaveDetailsServiceImpl,ipAddressServiceImpl,ipStatusListServiceImpl,jsonServiceImpl,locationServiceImpl,paginationServiceImpl,parserResultServiceImpl,sourceDownloaderServiceImpl,sourceServiceImpl,userDetailsService,userServiceImpl,org.springframework.context.annotation.ConfigurationClassPostProcessor$ImportAwareBeanPostProcessor#0]; root of factory hierarchy
2013-12-03 13:54:23,696 [Thread-1] INFO  (AbstractEntityManagerFactoryBean.java:441:destroy)  LocalContainerEntityManagerFactoryBean  - Closing JPA EntityManagerFactory for persistence unit 'primary'
2013-12-03 13:54:23,697 [Thread-1] INFO  (DriverManagerConnectionProviderImpl.java:160:stop)  DriverManagerConnectionProviderImpl  - HHH000030: Cleaning up connection pool [jdbc:jtds:sqlserver://127.0.0.1;instance=SQLEXPRESS;DatabaseName=ip_addresses]
2013-12-03 13:55:03,130 [main] INFO  (TestContextManager.java:185:retrieveTestExecutionListeners)  TestContextManager  - @TestExecutionListeners is not present for class [class tc.lv.dao.implementations.CityDaoImplTest]: using defaults.
2013-12-03 13:55:03,286 [main] INFO  (XmlBeanDefinitionReader.java:315:loadBeanDefinitions)  XmlBeanDefinitionReader  - Loading XML bean definitions from URL [file:src/main/webapp/WEB-INF/spring/root-context.xml]
2013-12-03 13:55:03,489 [main] INFO  (ClassPathScanningCandidateComponentProvider.java:210:registerDefaultFilters)  ClassPathBeanDefinitionScanner  - JSR-330 'javax.inject.Named' annotation found and supported for component scanning
2013-12-03 13:55:03,520 [main] INFO  (ClassPathScanningCandidateComponentProvider.java:210:registerDefaultFilters)  ClassPathBeanDefinitionScanner  - JSR-330 'javax.inject.Named' annotation found and supported for component scanning
2013-12-03 13:55:03,552 [main] INFO  (AbstractApplicationContext.java:495:prepareRefresh)  GenericApplicationContext  - Refreshing org.springframework.context.support.GenericApplicationContext@479f43fa: startup date [Tue Dec 03 13:55:03 EET 2013]; root of context hierarchy
2013-12-03 13:55:03,677 [main] INFO  (AutowiredAnnotationBeanPostProcessor.java:139:<init>)  AutowiredAnnotationBeanPostProcessor  - JSR-330 'javax.inject.Inject' annotation found and supported for autowiring
2013-12-03 13:55:03,770 [main] INFO  (DefaultListableBeanFactory.java:557:preInstantiateSingletons)  DefaultListableBeanFactory  - Pre-instantiating singletons in org.springframework.beans.factory.support.DefaultListableBeanFactory@55eb776: defining beans [org.springframework.context.annotation.internalConfigurationAnnotationProcessor,org.springframework.context.annotation.internalAutowiredAnnotationProcessor,org.springframework.context.annotation.internalRequiredAnnotationProcessor,org.springframework.context.annotation.internalCommonAnnotationProcessor,org.springframework.context.annotation.internalPersistenceAnnotationProcessor,org.springframework.aop.config.internalAutoProxyCreator,org.springframework.transaction.annotation.AnnotationTransactionAttributeSource#0,org.springframework.transaction.interceptor.TransactionInterceptor#0,org.springframework.transaction.config.internalTransactionAdvisor,entityManagerFactory,transactionManager,cityDaoImpl,countryDaoImpl,ipAddressDaoImpl,paginationSettingsDaoImpl,sourceDaoImpl,userDaoImpl,assembler,geoIpServiceImpl,ipAddressSaveDetailsServiceImpl,ipAddressServiceImpl,ipStatusListServiceImpl,jsonServiceImpl,locationServiceImpl,paginationServiceImpl,parserResultServiceImpl,sourceDownloaderServiceImpl,sourceServiceImpl,userDetailsService,userServiceImpl,org.springframework.context.annotation.ConfigurationClassPostProcessor$ImportAwareBeanPostProcessor#0]; root of factory hierarchy
2013-12-03 13:55:03,911 [main] INFO  (LocalContainerEntityManagerFactoryBean.java:264:createNativeEntityManagerFactory)  LocalContainerEntityManagerFactoryBean  - Building JPA container EntityManagerFactory for persistence unit 'primary'
2013-12-03 13:55:04,130 [main] INFO  (Version.java:37:<clinit>)  Version  - HCANN000001: Hibernate Commons Annotations {4.0.1.Final}
2013-12-03 13:55:04,145 [main] INFO  (Version.java:41:logVersion)  Version  - HHH000412: Hibernate Core {4.2.1.Final}
2013-12-03 13:55:04,145 [main] INFO  (Environment.java:239:<clinit>)  Environment  - HHH000206: hibernate.properties not found
2013-12-03 13:55:04,145 [main] INFO  (Environment.java:342:buildBytecodeProvider)  Environment  - HHH000021: Bytecode provider name : javassist
2013-12-03 13:55:04,177 [main] INFO  (Ejb3Configuration.java:528:configure)  Ejb3Configuration  - HHH000204: Processing PersistenceUnitInfo [
	name: primary
	...]
2013-12-03 13:55:04,590 [main] INFO  (DriverManagerConnectionProviderImpl.java:98:configure)  DriverManagerConnectionProviderImpl  - HHH000402: Using Hibernate built-in connection pool (not for production use!)
2013-12-03 13:55:04,590 [main] INFO  (DriverManagerConnectionProviderImpl.java:134:configure)  DriverManagerConnectionProviderImpl  - HHH000115: Hibernate connection pool size: 20
2013-12-03 13:55:04,590 [main] INFO  (DriverManagerConnectionProviderImpl.java:137:configure)  DriverManagerConnectionProviderImpl  - HHH000006: Autocommit mode: true
2013-12-03 13:55:04,590 [main] INFO  (DriverManagerConnectionProviderImpl.java:151:configure)  DriverManagerConnectionProviderImpl  - HHH000401: using driver [net.sourceforge.jtds.jdbc.Driver] at URL [jdbc:jtds:sqlserver://127.0.0.1;instance=SQLEXPRESS;DatabaseName=ip_addresses]
2013-12-03 13:55:04,590 [main] INFO  (DriverManagerConnectionProviderImpl.java:156:configure)  DriverManagerConnectionProviderImpl  - HHH000046: Connection properties: {user=andrew, password=****, autocommit=true, show_sql=true, release_mode=auto}
2013-12-03 13:55:10,841 [main] INFO  (Dialect.java:128:<init>)  Dialect  - HHH000400: Using dialect: org.hibernate.dialect.SQLServerDialect
2013-12-03 13:55:10,841 [main] INFO  (LobCreatorBuilder.java:94:useContextualLobCreation)  LobCreatorBuilder  - HHH000423: Disabling contextual LOB creation as JDBC driver reported JDBC version [3] less than 4
2013-12-03 13:55:10,856 [main] INFO  (TransactionFactoryInitiator.java:73:initiateService)  TransactionFactoryInitiator  - HHH000268: Transaction strategy: org.hibernate.engine.transaction.internal.jdbc.JdbcTransactionFactory
2013-12-03 13:55:10,856 [main] INFO  (ASTQueryTranslatorFactory.java:48:<init>)  ASTQueryTranslatorFactory  - HHH000397: Using ASTQueryTranslatorFactory
2013-12-03 13:55:11,841 [main] INFO  (TransactionalTestExecutionListener.java:272:startNewTransaction)  TransactionalTestExecutionListener  - Began transaction (1): transaction manager [org.springframework.orm.jpa.JpaTransactionManager@1df0bc3d]; rollback [true]
2013-12-03 13:55:11,890 [main] INFO  (TransactionalTestExecutionListener.java:292:endTransaction)  TransactionalTestExecutionListener  - Rolled back transaction after test execution for test context [[TestContext@7f1f554 testClass = CityDaoImplTest, locations = array<String>['file:src/main/webapp/WEB-INF/spring/root-context.xml'], testInstance = tc.lv.dao.implementations.CityDaoImplTest@1e2161df, testMethod = findCityNameListByStatus@CityDaoImplTest, testException = [null]]]
2013-12-03 13:55:11,890 [Thread-1] INFO  (AbstractApplicationContext.java:1020:doClose)  GenericApplicationContext  - Closing org.springframework.context.support.GenericApplicationContext@479f43fa: startup date [Tue Dec 03 13:55:03 EET 2013]; root of context hierarchy
2013-12-03 13:55:11,890 [Thread-1] INFO  (DefaultSingletonBeanRegistry.java:433:destroySingletons)  DefaultListableBeanFactory  - Destroying singletons in org.springframework.beans.factory.support.DefaultListableBeanFactory@55eb776: defining beans [org.springframework.context.annotation.internalConfigurationAnnotationProcessor,org.springframework.context.annotation.internalAutowiredAnnotationProcessor,org.springframework.context.annotation.internalRequiredAnnotationProcessor,org.springframework.context.annotation.internalCommonAnnotationProcessor,org.springframework.context.annotation.internalPersistenceAnnotationProcessor,org.springframework.aop.config.internalAutoProxyCreator,org.springframework.transaction.annotation.AnnotationTransactionAttributeSource#0,org.springframework.transaction.interceptor.TransactionInterceptor#0,org.springframework.transaction.config.internalTransactionAdvisor,entityManagerFactory,transactionManager,cityDaoImpl,countryDaoImpl,ipAddressDaoImpl,paginationSettingsDaoImpl,sourceDaoImpl,userDaoImpl,assembler,geoIpServiceImpl,ipAddressSaveDetailsServiceImpl,ipAddressServiceImpl,ipStatusListServiceImpl,jsonServiceImpl,locationServiceImpl,paginationServiceImpl,parserResultServiceImpl,sourceDownloaderServiceImpl,sourceServiceImpl,userDetailsService,userServiceImpl,org.springframework.context.annotation.ConfigurationClassPostProcessor$ImportAwareBeanPostProcessor#0]; root of factory hierarchy
2013-12-03 13:55:11,890 [Thread-1] INFO  (AbstractEntityManagerFactoryBean.java:441:destroy)  LocalContainerEntityManagerFactoryBean  - Closing JPA EntityManagerFactory for persistence unit 'primary'
2013-12-03 13:55:11,890 [Thread-1] INFO  (DriverManagerConnectionProviderImpl.java:160:stop)  DriverManagerConnectionProviderImpl  - HHH000030: Cleaning up connection pool [jdbc:jtds:sqlserver://127.0.0.1;instance=SQLEXPRESS;DatabaseName=ip_addresses]
2013-12-03 14:00:43,766 [main] INFO  (TestContextManager.java:185:retrieveTestExecutionListeners)  TestContextManager  - @TestExecutionListeners is not present for class [class tc.lv.dao.implementations.CityDaoImplTest]: using defaults.
2013-12-03 14:00:43,923 [main] INFO  (XmlBeanDefinitionReader.java:315:loadBeanDefinitions)  XmlBeanDefinitionReader  - Loading XML bean definitions from URL [file:src/main/webapp/WEB-INF/spring/root-context.xml]
2013-12-03 14:00:44,126 [main] INFO  (ClassPathScanningCandidateComponentProvider.java:210:registerDefaultFilters)  ClassPathBeanDefinitionScanner  - JSR-330 'javax.inject.Named' annotation found and supported for component scanning
2013-12-03 14:00:44,157 [main] INFO  (ClassPathScanningCandidateComponentProvider.java:210:registerDefaultFilters)  ClassPathBeanDefinitionScanner  - JSR-330 'javax.inject.Named' annotation found and supported for component scanning
2013-12-03 14:00:44,188 [main] INFO  (AbstractApplicationContext.java:495:prepareRefresh)  GenericApplicationContext  - Refreshing org.springframework.context.support.GenericApplicationContext@bec57d6: startup date [Tue Dec 03 14:00:44 EET 2013]; root of context hierarchy
2013-12-03 14:00:44,329 [main] INFO  (AutowiredAnnotationBeanPostProcessor.java:139:<init>)  AutowiredAnnotationBeanPostProcessor  - JSR-330 'javax.inject.Inject' annotation found and supported for autowiring
2013-12-03 14:00:44,407 [main] INFO  (DefaultListableBeanFactory.java:557:preInstantiateSingletons)  DefaultListableBeanFactory  - Pre-instantiating singletons in org.springframework.beans.factory.support.DefaultListableBeanFactory@470824ef: defining beans [org.springframework.context.annotation.internalConfigurationAnnotationProcessor,org.springframework.context.annotation.internalAutowiredAnnotationProcessor,org.springframework.context.annotation.internalRequiredAnnotationProcessor,org.springframework.context.annotation.internalCommonAnnotationProcessor,org.springframework.context.annotation.internalPersistenceAnnotationProcessor,org.springframework.aop.config.internalAutoProxyCreator,org.springframework.transaction.annotation.AnnotationTransactionAttributeSource#0,org.springframework.transaction.interceptor.TransactionInterceptor#0,org.springframework.transaction.config.internalTransactionAdvisor,entityManagerFactory,transactionManager,cityDaoImpl,countryDaoImpl,ipAddressDaoImpl,paginationSettingsDaoImpl,sourceDaoImpl,userDaoImpl,assembler,geoIpServiceImpl,ipAddressSaveDetailsServiceImpl,ipAddressServiceImpl,ipStatusListServiceImpl,jsonServiceImpl,locationServiceImpl,paginationServiceImpl,parserResultServiceImpl,sourceDownloaderServiceImpl,sourceServiceImpl,userDetailsService,userServiceImpl,org.springframework.context.annotation.ConfigurationClassPostProcessor$ImportAwareBeanPostProcessor#0]; root of factory hierarchy
2013-12-03 14:00:44,532 [main] INFO  (LocalContainerEntityManagerFactoryBean.java:264:createNativeEntityManagerFactory)  LocalContainerEntityManagerFactoryBean  - Building JPA container EntityManagerFactory for persistence unit 'primary'
2013-12-03 14:00:44,751 [main] INFO  (Version.java:37:<clinit>)  Version  - HCANN000001: Hibernate Commons Annotations {4.0.1.Final}
2013-12-03 14:00:44,767 [main] INFO  (Version.java:41:logVersion)  Version  - HHH000412: Hibernate Core {4.2.1.Final}
2013-12-03 14:00:44,767 [main] INFO  (Environment.java:239:<clinit>)  Environment  - HHH000206: hibernate.properties not found
2013-12-03 14:00:44,767 [main] INFO  (Environment.java:342:buildBytecodeProvider)  Environment  - HHH000021: Bytecode provider name : javassist
2013-12-03 14:00:44,798 [main] INFO  (Ejb3Configuration.java:528:configure)  Ejb3Configuration  - HHH000204: Processing PersistenceUnitInfo [
	name: primary
	...]
2013-12-03 14:00:45,220 [main] INFO  (DriverManagerConnectionProviderImpl.java:98:configure)  DriverManagerConnectionProviderImpl  - HHH000402: Using Hibernate built-in connection pool (not for production use!)
2013-12-03 14:00:45,235 [main] INFO  (DriverManagerConnectionProviderImpl.java:134:configure)  DriverManagerConnectionProviderImpl  - HHH000115: Hibernate connection pool size: 20
2013-12-03 14:00:45,235 [main] INFO  (DriverManagerConnectionProviderImpl.java:137:configure)  DriverManagerConnectionProviderImpl  - HHH000006: Autocommit mode: true
2013-12-03 14:00:45,235 [main] INFO  (DriverManagerConnectionProviderImpl.java:151:configure)  DriverManagerConnectionProviderImpl  - HHH000401: using driver [net.sourceforge.jtds.jdbc.Driver] at URL [jdbc:jtds:sqlserver://127.0.0.1;instance=SQLEXPRESS;DatabaseName=ip_addresses]
2013-12-03 14:00:45,235 [main] INFO  (DriverManagerConnectionProviderImpl.java:156:configure)  DriverManagerConnectionProviderImpl  - HHH000046: Connection properties: {user=andrew, password=****, autocommit=true, show_sql=true, release_mode=auto}
2013-12-03 14:00:51,486 [main] INFO  (Dialect.java:128:<init>)  Dialect  - HHH000400: Using dialect: org.hibernate.dialect.SQLServerDialect
2013-12-03 14:00:51,501 [main] INFO  (LobCreatorBuilder.java:94:useContextualLobCreation)  LobCreatorBuilder  - HHH000423: Disabling contextual LOB creation as JDBC driver reported JDBC version [3] less than 4
2013-12-03 14:00:51,517 [main] INFO  (TransactionFactoryInitiator.java:73:initiateService)  TransactionFactoryInitiator  - HHH000268: Transaction strategy: org.hibernate.engine.transaction.internal.jdbc.JdbcTransactionFactory
2013-12-03 14:00:51,517 [main] INFO  (ASTQueryTranslatorFactory.java:48:<init>)  ASTQueryTranslatorFactory  - HHH000397: Using ASTQueryTranslatorFactory
2013-12-03 14:00:52,486 [main] INFO  (TransactionalTestExecutionListener.java:272:startNewTransaction)  TransactionalTestExecutionListener  - Began transaction (1): transaction manager [org.springframework.orm.jpa.JpaTransactionManager@31a9253]; rollback [true]
2013-12-03 14:00:52,517 [main] INFO  (TransactionalTestExecutionListener.java:292:endTransaction)  TransactionalTestExecutionListener  - Rolled back transaction after test execution for test context [[TestContext@38a15e74 testClass = CityDaoImplTest, locations = array<String>['file:src/main/webapp/WEB-INF/spring/root-context.xml'], testInstance = tc.lv.dao.implementations.CityDaoImplTest@6a402eb7, testMethod = findCityNameListByStatus@CityDaoImplTest, testException = [null]]]
2013-12-03 14:00:52,534 [Thread-1] INFO  (AbstractApplicationContext.java:1020:doClose)  GenericApplicationContext  - Closing org.springframework.context.support.GenericApplicationContext@bec57d6: startup date [Tue Dec 03 14:00:44 EET 2013]; root of context hierarchy
2013-12-03 14:00:52,534 [Thread-1] INFO  (DefaultSingletonBeanRegistry.java:433:destroySingletons)  DefaultListableBeanFactory  - Destroying singletons in org.springframework.beans.factory.support.DefaultListableBeanFactory@470824ef: defining beans [org.springframework.context.annotation.internalConfigurationAnnotationProcessor,org.springframework.context.annotation.internalAutowiredAnnotationProcessor,org.springframework.context.annotation.internalRequiredAnnotationProcessor,org.springframework.context.annotation.internalCommonAnnotationProcessor,org.springframework.context.annotation.internalPersistenceAnnotationProcessor,org.springframework.aop.config.internalAutoProxyCreator,org.springframework.transaction.annotation.AnnotationTransactionAttributeSource#0,org.springframework.transaction.interceptor.TransactionInterceptor#0,org.springframework.transaction.config.internalTransactionAdvisor,entityManagerFactory,transactionManager,cityDaoImpl,countryDaoImpl,ipAddressDaoImpl,paginationSettingsDaoImpl,sourceDaoImpl,userDaoImpl,assembler,geoIpServiceImpl,ipAddressSaveDetailsServiceImpl,ipAddressServiceImpl,ipStatusListServiceImpl,jsonServiceImpl,locationServiceImpl,paginationServiceImpl,parserResultServiceImpl,sourceDownloaderServiceImpl,sourceServiceImpl,userDetailsService,userServiceImpl,org.springframework.context.annotation.ConfigurationClassPostProcessor$ImportAwareBeanPostProcessor#0]; root of factory hierarchy
2013-12-03 14:00:52,534 [Thread-1] INFO  (AbstractEntityManagerFactoryBean.java:441:destroy)  LocalContainerEntityManagerFactoryBean  - Closing JPA EntityManagerFactory for persistence unit 'primary'
2013-12-03 14:00:52,534 [Thread-1] INFO  (DriverManagerConnectionProviderImpl.java:160:stop)  DriverManagerConnectionProviderImpl  - HHH000030: Cleaning up connection pool [jdbc:jtds:sqlserver://127.0.0.1;instance=SQLEXPRESS;DatabaseName=ip_addresses]
2013-12-03 14:07:26,159 [main] INFO  (TestContextManager.java:185:retrieveTestExecutionListeners)  TestContextManager  - @TestExecutionListeners is not present for class [class tc.lv.dao.implementations.CityDaoImplTest]: using defaults.
2013-12-03 14:07:26,319 [main] INFO  (XmlBeanDefinitionReader.java:315:loadBeanDefinitions)  XmlBeanDefinitionReader  - Loading XML bean definitions from URL [file:src/main/webapp/WEB-INF/spring/root-context.xml]
2013-12-03 14:07:26,533 [main] INFO  (ClassPathScanningCandidateComponentProvider.java:210:registerDefaultFilters)  ClassPathBeanDefinitionScanner  - JSR-330 'javax.inject.Named' annotation found and supported for component scanning
2013-12-03 14:07:26,577 [main] INFO  (ClassPathScanningCandidateComponentProvider.java:210:registerDefaultFilters)  ClassPathBeanDefinitionScanner  - JSR-330 'javax.inject.Named' annotation found and supported for component scanning
2013-12-03 14:07:26,609 [main] INFO  (AbstractApplicationContext.java:495:prepareRefresh)  GenericApplicationContext  - Refreshing org.springframework.context.support.GenericApplicationContext@249939c3: startup date [Tue Dec 03 14:07:26 EET 2013]; root of context hierarchy
2013-12-03 14:07:26,734 [main] INFO  (AutowiredAnnotationBeanPostProcessor.java:139:<init>)  AutowiredAnnotationBeanPostProcessor  - JSR-330 'javax.inject.Inject' annotation found and supported for autowiring
2013-12-03 14:07:26,812 [main] INFO  (DefaultListableBeanFactory.java:557:preInstantiateSingletons)  DefaultListableBeanFactory  - Pre-instantiating singletons in org.springframework.beans.factory.support.DefaultListableBeanFactory@15545e1: defining beans [org.springframework.context.annotation.internalConfigurationAnnotationProcessor,org.springframework.context.annotation.internalAutowiredAnnotationProcessor,org.springframework.context.annotation.internalRequiredAnnotationProcessor,org.springframework.context.annotation.internalCommonAnnotationProcessor,org.springframework.context.annotation.internalPersistenceAnnotationProcessor,org.springframework.aop.config.internalAutoProxyCreator,org.springframework.transaction.annotation.AnnotationTransactionAttributeSource#0,org.springframework.transaction.interceptor.TransactionInterceptor#0,org.springframework.transaction.config.internalTransactionAdvisor,entityManagerFactory,transactionManager,cityDaoImpl,countryDaoImpl,ipAddressDaoImpl,paginationSettingsDaoImpl,sourceDaoImpl,userDaoImpl,assembler,geoIpServiceImpl,ipAddressSaveDetailsServiceImpl,ipAddressServiceImpl,ipStatusListServiceImpl,jsonServiceImpl,locationServiceImpl,paginationServiceImpl,parserResultServiceImpl,sourceDownloaderServiceImpl,sourceServiceImpl,userDetailsService,userServiceImpl,org.springframework.context.annotation.ConfigurationClassPostProcessor$ImportAwareBeanPostProcessor#0]; root of factory hierarchy
2013-12-03 14:07:26,962 [main] INFO  (LocalContainerEntityManagerFactoryBean.java:264:createNativeEntityManagerFactory)  LocalContainerEntityManagerFactoryBean  - Building JPA container EntityManagerFactory for persistence unit 'primary'
2013-12-03 14:07:27,183 [main] INFO  (Version.java:37:<clinit>)  Version  - HCANN000001: Hibernate Commons Annotations {4.0.1.Final}
2013-12-03 14:07:27,196 [main] INFO  (Version.java:41:logVersion)  Version  - HHH000412: Hibernate Core {4.2.1.Final}
2013-12-03 14:07:27,201 [main] INFO  (Environment.java:239:<clinit>)  Environment  - HHH000206: hibernate.properties not found
2013-12-03 14:07:27,204 [main] INFO  (Environment.java:342:buildBytecodeProvider)  Environment  - HHH000021: Bytecode provider name : javassist
2013-12-03 14:07:27,239 [main] INFO  (Ejb3Configuration.java:528:configure)  Ejb3Configuration  - HHH000204: Processing PersistenceUnitInfo [
	name: primary
	...]
2013-12-03 14:07:27,675 [main] INFO  (DriverManagerConnectionProviderImpl.java:98:configure)  DriverManagerConnectionProviderImpl  - HHH000402: Using Hibernate built-in connection pool (not for production use!)
2013-12-03 14:07:27,678 [main] INFO  (DriverManagerConnectionProviderImpl.java:134:configure)  DriverManagerConnectionProviderImpl  - HHH000115: Hibernate connection pool size: 20
2013-12-03 14:07:27,679 [main] INFO  (DriverManagerConnectionProviderImpl.java:137:configure)  DriverManagerConnectionProviderImpl  - HHH000006: Autocommit mode: true
2013-12-03 14:07:27,680 [main] INFO  (DriverManagerConnectionProviderImpl.java:151:configure)  DriverManagerConnectionProviderImpl  - HHH000401: using driver [net.sourceforge.jtds.jdbc.Driver] at URL [jdbc:jtds:sqlserver://127.0.0.1;instance=SQLEXPRESS;DatabaseName=ip_addresses]
2013-12-03 14:07:27,680 [main] INFO  (DriverManagerConnectionProviderImpl.java:156:configure)  DriverManagerConnectionProviderImpl  - HHH000046: Connection properties: {user=andrew, password=****, autocommit=true, show_sql=true, release_mode=auto}
2013-12-03 14:07:34,165 [main] INFO  (Dialect.java:128:<init>)  Dialect  - HHH000400: Using dialect: org.hibernate.dialect.SQLServerDialect
2013-12-03 14:07:34,177 [main] INFO  (LobCreatorBuilder.java:94:useContextualLobCreation)  LobCreatorBuilder  - HHH000423: Disabling contextual LOB creation as JDBC driver reported JDBC version [3] less than 4
2013-12-03 14:07:34,190 [main] INFO  (TransactionFactoryInitiator.java:73:initiateService)  TransactionFactoryInitiator  - HHH000268: Transaction strategy: org.hibernate.engine.transaction.internal.jdbc.JdbcTransactionFactory
2013-12-03 14:07:34,195 [main] INFO  (ASTQueryTranslatorFactory.java:48:<init>)  ASTQueryTranslatorFactory  - HHH000397: Using ASTQueryTranslatorFactory
2013-12-03 14:07:35,192 [main] INFO  (TransactionalTestExecutionListener.java:272:startNewTransaction)  TransactionalTestExecutionListener  - Began transaction (1): transaction manager [org.springframework.orm.jpa.JpaTransactionManager@7e5a5d21]; rollback [true]
2013-12-03 14:07:35,227 [main] INFO  (TransactionalTestExecutionListener.java:292:endTransaction)  TransactionalTestExecutionListener  - Rolled back transaction after test execution for test context [[TestContext@753e481 testClass = CityDaoImplTest, locations = array<String>['file:src/main/webapp/WEB-INF/spring/root-context.xml'], testInstance = tc.lv.dao.implementations.CityDaoImplTest@14bed4e9, testMethod = findCityNameListByStatusForWhiteList@CityDaoImplTest, testException = [null]]]
2013-12-03 14:07:35,230 [main] INFO  (TransactionalTestExecutionListener.java:272:startNewTransaction)  TransactionalTestExecutionListener  - Began transaction (2): transaction manager [org.springframework.orm.jpa.JpaTransactionManager@7e5a5d21]; rollback [true]
2013-12-03 14:07:35,232 [main] INFO  (TransactionalTestExecutionListener.java:292:endTransaction)  TransactionalTestExecutionListener  - Rolled back transaction after test execution for test context [[TestContext@753e481 testClass = CityDaoImplTest, locations = array<String>['file:src/main/webapp/WEB-INF/spring/root-context.xml'], testInstance = tc.lv.dao.implementations.CityDaoImplTest@1bbb26e0, testMethod = findCityNameListByStatusForBlackList@CityDaoImplTest, testException = [null]]]
2013-12-03 14:07:35,238 [Thread-1] INFO  (AbstractApplicationContext.java:1020:doClose)  GenericApplicationContext  - Closing org.springframework.context.support.GenericApplicationContext@249939c3: startup date [Tue Dec 03 14:07:26 EET 2013]; root of context hierarchy
2013-12-03 14:07:35,239 [Thread-1] INFO  (DefaultSingletonBeanRegistry.java:433:destroySingletons)  DefaultListableBeanFactory  - Destroying singletons in org.springframework.beans.factory.support.DefaultListableBeanFactory@15545e1: defining beans [org.springframework.context.annotation.internalConfigurationAnnotationProcessor,org.springframework.context.annotation.internalAutowiredAnnotationProcessor,org.springframework.context.annotation.internalRequiredAnnotationProcessor,org.springframework.context.annotation.internalCommonAnnotationProcessor,org.springframework.context.annotation.internalPersistenceAnnotationProcessor,org.springframework.aop.config.internalAutoProxyCreator,org.springframework.transaction.annotation.AnnotationTransactionAttributeSource#0,org.springframework.transaction.interceptor.TransactionInterceptor#0,org.springframework.transaction.config.internalTransactionAdvisor,entityManagerFactory,transactionManager,cityDaoImpl,countryDaoImpl,ipAddressDaoImpl,paginationSettingsDaoImpl,sourceDaoImpl,userDaoImpl,assembler,geoIpServiceImpl,ipAddressSaveDetailsServiceImpl,ipAddressServiceImpl,ipStatusListServiceImpl,jsonServiceImpl,locationServiceImpl,paginationServiceImpl,parserResultServiceImpl,sourceDownloaderServiceImpl,sourceServiceImpl,userDetailsService,userServiceImpl,org.springframework.context.annotation.ConfigurationClassPostProcessor$ImportAwareBeanPostProcessor#0]; root of factory hierarchy
2013-12-03 14:07:35,242 [Thread-1] INFO  (AbstractEntityManagerFactoryBean.java:441:destroy)  LocalContainerEntityManagerFactoryBean  - Closing JPA EntityManagerFactory for persistence unit 'primary'
2013-12-03 14:07:35,243 [Thread-1] INFO  (DriverManagerConnectionProviderImpl.java:160:stop)  DriverManagerConnectionProviderImpl  - HHH000030: Cleaning up connection pool [jdbc:jtds:sqlserver://127.0.0.1;instance=SQLEXPRESS;DatabaseName=ip_addresses]
2013-12-03 14:09:52,656 [main] INFO  (TestContextManager.java:185:retrieveTestExecutionListeners)  TestContextManager  - @TestExecutionListeners is not present for class [class tc.lv.dao.implementations.CityDaoImplTest]: using defaults.
2013-12-03 14:09:52,810 [main] INFO  (XmlBeanDefinitionReader.java:315:loadBeanDefinitions)  XmlBeanDefinitionReader  - Loading XML bean definitions from URL [file:src/main/webapp/WEB-INF/spring/root-context.xml]
2013-12-03 14:09:53,018 [main] INFO  (ClassPathScanningCandidateComponentProvider.java:210:registerDefaultFilters)  ClassPathBeanDefinitionScanner  - JSR-330 'javax.inject.Named' annotation found and supported for component scanning
2013-12-03 14:09:53,063 [main] INFO  (ClassPathScanningCandidateComponentProvider.java:210:registerDefaultFilters)  ClassPathBeanDefinitionScanner  - JSR-330 'javax.inject.Named' annotation found and supported for component scanning
2013-12-03 14:09:53,096 [main] INFO  (AbstractApplicationContext.java:495:prepareRefresh)  GenericApplicationContext  - Refreshing org.springframework.context.support.GenericApplicationContext@7ebd6a19: startup date [Tue Dec 03 14:09:53 EET 2013]; root of context hierarchy
2013-12-03 14:09:53,217 [main] INFO  (AutowiredAnnotationBeanPostProcessor.java:139:<init>)  AutowiredAnnotationBeanPostProcessor  - JSR-330 'javax.inject.Inject' annotation found and supported for autowiring
2013-12-03 14:09:53,298 [main] INFO  (DefaultListableBeanFactory.java:557:preInstantiateSingletons)  DefaultListableBeanFactory  - Pre-instantiating singletons in org.springframework.beans.factory.support.DefaultListableBeanFactory@411445d8: defining beans [org.springframework.context.annotation.internalConfigurationAnnotationProcessor,org.springframework.context.annotation.internalAutowiredAnnotationProcessor,org.springframework.context.annotation.internalRequiredAnnotationProcessor,org.springframework.context.annotation.internalCommonAnnotationProcessor,org.springframework.context.annotation.internalPersistenceAnnotationProcessor,org.springframework.aop.config.internalAutoProxyCreator,org.springframework.transaction.annotation.AnnotationTransactionAttributeSource#0,org.springframework.transaction.interceptor.TransactionInterceptor#0,org.springframework.transaction.config.internalTransactionAdvisor,entityManagerFactory,transactionManager,cityDaoImpl,countryDaoImpl,ipAddressDaoImpl,paginationSettingsDaoImpl,sourceDaoImpl,userDaoImpl,assembler,geoIpServiceImpl,ipAddressSaveDetailsServiceImpl,ipAddressServiceImpl,ipStatusListServiceImpl,jsonServiceImpl,locationServiceImpl,paginationServiceImpl,parserResultServiceImpl,sourceDownloaderServiceImpl,sourceServiceImpl,userDetailsService,userServiceImpl,org.springframework.context.annotation.ConfigurationClassPostProcessor$ImportAwareBeanPostProcessor#0]; root of factory hierarchy
2013-12-03 14:09:53,424 [main] INFO  (LocalContainerEntityManagerFactoryBean.java:264:createNativeEntityManagerFactory)  LocalContainerEntityManagerFactoryBean  - Building JPA container EntityManagerFactory for persistence unit 'primary'
2013-12-03 14:09:53,638 [main] INFO  (Version.java:37:<clinit>)  Version  - HCANN000001: Hibernate Commons Annotations {4.0.1.Final}
2013-12-03 14:09:53,651 [main] INFO  (Version.java:41:logVersion)  Version  - HHH000412: Hibernate Core {4.2.1.Final}
2013-12-03 14:09:53,655 [main] INFO  (Environment.java:239:<clinit>)  Environment  - HHH000206: hibernate.properties not found
2013-12-03 14:09:53,659 [main] INFO  (Environment.java:342:buildBytecodeProvider)  Environment  - HHH000021: Bytecode provider name : javassist
2013-12-03 14:09:53,691 [main] INFO  (Ejb3Configuration.java:528:configure)  Ejb3Configuration  - HHH000204: Processing PersistenceUnitInfo [
	name: primary
	...]
2013-12-03 14:09:54,123 [main] INFO  (DriverManagerConnectionProviderImpl.java:98:configure)  DriverManagerConnectionProviderImpl  - HHH000402: Using Hibernate built-in connection pool (not for production use!)
2013-12-03 14:09:54,127 [main] INFO  (DriverManagerConnectionProviderImpl.java:134:configure)  DriverManagerConnectionProviderImpl  - HHH000115: Hibernate connection pool size: 20
2013-12-03 14:09:54,127 [main] INFO  (DriverManagerConnectionProviderImpl.java:137:configure)  DriverManagerConnectionProviderImpl  - HHH000006: Autocommit mode: true
2013-12-03 14:09:54,128 [main] INFO  (DriverManagerConnectionProviderImpl.java:151:configure)  DriverManagerConnectionProviderImpl  - HHH000401: using driver [net.sourceforge.jtds.jdbc.Driver] at URL [jdbc:jtds:sqlserver://127.0.0.1;instance=SQLEXPRESS;DatabaseName=ip_addresses]
2013-12-03 14:09:54,129 [main] INFO  (DriverManagerConnectionProviderImpl.java:156:configure)  DriverManagerConnectionProviderImpl  - HHH000046: Connection properties: {user=andrew, password=****, autocommit=true, show_sql=true, release_mode=auto}
2013-12-03 14:10:00,551 [main] INFO  (Dialect.java:128:<init>)  Dialect  - HHH000400: Using dialect: org.hibernate.dialect.SQLServerDialect
2013-12-03 14:10:00,563 [main] INFO  (LobCreatorBuilder.java:94:useContextualLobCreation)  LobCreatorBuilder  - HHH000423: Disabling contextual LOB creation as JDBC driver reported JDBC version [3] less than 4
2013-12-03 14:10:00,575 [main] INFO  (TransactionFactoryInitiator.java:73:initiateService)  TransactionFactoryInitiator  - HHH000268: Transaction strategy: org.hibernate.engine.transaction.internal.jdbc.JdbcTransactionFactory
2013-12-03 14:10:00,581 [main] INFO  (ASTQueryTranslatorFactory.java:48:<init>)  ASTQueryTranslatorFactory  - HHH000397: Using ASTQueryTranslatorFactory
2013-12-03 14:10:01,736 [main] INFO  (TransactionalTestExecutionListener.java:272:startNewTransaction)  TransactionalTestExecutionListener  - Began transaction (1): transaction manager [org.springframework.orm.jpa.JpaTransactionManager@2bbbba57]; rollback [true]
2013-12-03 14:10:01,786 [main] INFO  (TransactionalTestExecutionListener.java:292:endTransaction)  TransactionalTestExecutionListener  - Rolled back transaction after test execution for test context [[TestContext@2736ef65 testClass = CityDaoImplTest, locations = array<String>['file:src/main/webapp/WEB-INF/spring/root-context.xml'], testInstance = tc.lv.dao.implementations.CityDaoImplTest@79ee400, testMethod = findCityNameListByStatusForWhiteList@CityDaoImplTest, testException = [null]]]
2013-12-03 14:10:01,791 [main] INFO  (TransactionalTestExecutionListener.java:272:startNewTransaction)  TransactionalTestExecutionListener  - Began transaction (2): transaction manager [org.springframework.orm.jpa.JpaTransactionManager@2bbbba57]; rollback [true]
2013-12-03 14:10:01,793 [main] INFO  (TransactionalTestExecutionListener.java:292:endTransaction)  TransactionalTestExecutionListener  - Rolled back transaction after test execution for test context [[TestContext@2736ef65 testClass = CityDaoImplTest, locations = array<String>['file:src/main/webapp/WEB-INF/spring/root-context.xml'], testInstance = tc.lv.dao.implementations.CityDaoImplTest@7cef6082, testMethod = findCityNameListByStatusForBlackList@CityDaoImplTest, testException = [null]]]
2013-12-03 14:10:01,797 [Thread-1] INFO  (AbstractApplicationContext.java:1020:doClose)  GenericApplicationContext  - Closing org.springframework.context.support.GenericApplicationContext@7ebd6a19: startup date [Tue Dec 03 14:09:53 EET 2013]; root of context hierarchy
2013-12-03 14:10:01,798 [Thread-1] INFO  (DefaultSingletonBeanRegistry.java:433:destroySingletons)  DefaultListableBeanFactory  - Destroying singletons in org.springframework.beans.factory.support.DefaultListableBeanFactory@411445d8: defining beans [org.springframework.context.annotation.internalConfigurationAnnotationProcessor,org.springframework.context.annotation.internalAutowiredAnnotationProcessor,org.springframework.context.annotation.internalRequiredAnnotationProcessor,org.springframework.context.annotation.internalCommonAnnotationProcessor,org.springframework.context.annotation.internalPersistenceAnnotationProcessor,org.springframework.aop.config.internalAutoProxyCreator,org.springframework.transaction.annotation.AnnotationTransactionAttributeSource#0,org.springframework.transaction.interceptor.TransactionInterceptor#0,org.springframework.transaction.config.internalTransactionAdvisor,entityManagerFactory,transactionManager,cityDaoImpl,countryDaoImpl,ipAddressDaoImpl,paginationSettingsDaoImpl,sourceDaoImpl,userDaoImpl,assembler,geoIpServiceImpl,ipAddressSaveDetailsServiceImpl,ipAddressServiceImpl,ipStatusListServiceImpl,jsonServiceImpl,locationServiceImpl,paginationServiceImpl,parserResultServiceImpl,sourceDownloaderServiceImpl,sourceServiceImpl,userDetailsService,userServiceImpl,org.springframework.context.annotation.ConfigurationClassPostProcessor$ImportAwareBeanPostProcessor#0]; root of factory hierarchy
2013-12-03 14:10:01,800 [Thread-1] INFO  (AbstractEntityManagerFactoryBean.java:441:destroy)  LocalContainerEntityManagerFactoryBean  - Closing JPA EntityManagerFactory for persistence unit 'primary'
2013-12-03 14:10:01,801 [Thread-1] INFO  (DriverManagerConnectionProviderImpl.java:160:stop)  DriverManagerConnectionProviderImpl  - HHH000030: Cleaning up connection pool [jdbc:jtds:sqlserver://127.0.0.1;instance=SQLEXPRESS;DatabaseName=ip_addresses]
2013-12-03 14:10:57,086 [main] INFO  (TestContextManager.java:185:retrieveTestExecutionListeners)  TestContextManager  - @TestExecutionListeners is not present for class [class tc.lv.dao.implementations.CityDaoImplTest]: using defaults.
2013-12-03 14:10:57,439 [main] INFO  (XmlBeanDefinitionReader.java:315:loadBeanDefinitions)  XmlBeanDefinitionReader  - Loading XML bean definitions from URL [file:src/main/webapp/WEB-INF/spring/root-context.xml]
2013-12-03 14:10:57,694 [main] INFO  (ClassPathScanningCandidateComponentProvider.java:210:registerDefaultFilters)  ClassPathBeanDefinitionScanner  - JSR-330 'javax.inject.Named' annotation found and supported for component scanning
2013-12-03 14:10:57,793 [main] INFO  (ClassPathScanningCandidateComponentProvider.java:210:registerDefaultFilters)  ClassPathBeanDefinitionScanner  - JSR-330 'javax.inject.Named' annotation found and supported for component scanning
2013-12-03 14:10:57,853 [main] INFO  (AbstractApplicationContext.java:495:prepareRefresh)  GenericApplicationContext  - Refreshing org.springframework.context.support.GenericApplicationContext@3eb6cddb: startup date [Tue Dec 03 14:10:57 EET 2013]; root of context hierarchy
2013-12-03 14:10:58,091 [main] INFO  (AutowiredAnnotationBeanPostProcessor.java:139:<init>)  AutowiredAnnotationBeanPostProcessor  - JSR-330 'javax.inject.Inject' annotation found and supported for autowiring
2013-12-03 14:10:58,240 [main] INFO  (DefaultListableBeanFactory.java:557:preInstantiateSingletons)  DefaultListableBeanFactory  - Pre-instantiating singletons in org.springframework.beans.factory.support.DefaultListableBeanFactory@35d7c7ad: defining beans [org.springframework.context.annotation.internalConfigurationAnnotationProcessor,org.springframework.context.annotation.internalAutowiredAnnotationProcessor,org.springframework.context.annotation.internalRequiredAnnotationProcessor,org.springframework.context.annotation.internalCommonAnnotationProcessor,org.springframework.context.annotation.internalPersistenceAnnotationProcessor,org.springframework.aop.config.internalAutoProxyCreator,org.springframework.transaction.annotation.AnnotationTransactionAttributeSource#0,org.springframework.transaction.interceptor.TransactionInterceptor#0,org.springframework.transaction.config.internalTransactionAdvisor,entityManagerFactory,transactionManager,cityDaoImpl,countryDaoImpl,ipAddressDaoImpl,paginationSettingsDaoImpl,sourceDaoImpl,userDaoImpl,assembler,geoIpServiceImpl,ipAddressSaveDetailsServiceImpl,ipAddressServiceImpl,ipStatusListServiceImpl,jsonServiceImpl,locationServiceImpl,paginationServiceImpl,parserResultServiceImpl,sourceDownloaderServiceImpl,sourceServiceImpl,userDetailsService,userServiceImpl,org.springframework.context.annotation.ConfigurationClassPostProcessor$ImportAwareBeanPostProcessor#0]; root of factory hierarchy
2013-12-03 14:10:58,435 [main] INFO  (LocalContainerEntityManagerFactoryBean.java:264:createNativeEntityManagerFactory)  LocalContainerEntityManagerFactoryBean  - Building JPA container EntityManagerFactory for persistence unit 'primary'
2013-12-03 14:10:59,150 [main] INFO  (Version.java:37:<clinit>)  Version  - HCANN000001: Hibernate Commons Annotations {4.0.1.Final}
2013-12-03 14:10:59,177 [main] INFO  (Version.java:41:logVersion)  Version  - HHH000412: Hibernate Core {4.2.1.Final}
2013-12-03 14:10:59,186 [main] INFO  (Environment.java:239:<clinit>)  Environment  - HHH000206: hibernate.properties not found
2013-12-03 14:10:59,195 [main] INFO  (Environment.java:342:buildBytecodeProvider)  Environment  - HHH000021: Bytecode provider name : javassist
2013-12-03 14:10:59,320 [main] INFO  (Ejb3Configuration.java:528:configure)  Ejb3Configuration  - HHH000204: Processing PersistenceUnitInfo [
	name: primary
	...]
2013-12-03 14:11:00,042 [main] INFO  (DriverManagerConnectionProviderImpl.java:98:configure)  DriverManagerConnectionProviderImpl  - HHH000402: Using Hibernate built-in connection pool (not for production use!)
2013-12-03 14:11:00,047 [main] INFO  (DriverManagerConnectionProviderImpl.java:134:configure)  DriverManagerConnectionProviderImpl  - HHH000115: Hibernate connection pool size: 20
2013-12-03 14:11:00,047 [main] INFO  (DriverManagerConnectionProviderImpl.java:137:configure)  DriverManagerConnectionProviderImpl  - HHH000006: Autocommit mode: true
2013-12-03 14:11:00,049 [main] INFO  (DriverManagerConnectionProviderImpl.java:151:configure)  DriverManagerConnectionProviderImpl  - HHH000401: using driver [net.sourceforge.jtds.jdbc.Driver] at URL [jdbc:jtds:sqlserver://127.0.0.1;instance=SQLEXPRESS;DatabaseName=ip_addresses]
2013-12-03 14:11:00,049 [main] INFO  (DriverManagerConnectionProviderImpl.java:156:configure)  DriverManagerConnectionProviderImpl  - HHH000046: Connection properties: {user=andrew, password=****, autocommit=true, show_sql=true, release_mode=auto}
2013-12-03 14:11:06,530 [main] INFO  (Dialect.java:128:<init>)  Dialect  - HHH000400: Using dialect: org.hibernate.dialect.SQLServerDialect
2013-12-03 14:11:06,546 [main] INFO  (LobCreatorBuilder.java:94:useContextualLobCreation)  LobCreatorBuilder  - HHH000423: Disabling contextual LOB creation as JDBC driver reported JDBC version [3] less than 4
2013-12-03 14:11:06,562 [main] INFO  (TransactionFactoryInitiator.java:73:initiateService)  TransactionFactoryInitiator  - HHH000268: Transaction strategy: org.hibernate.engine.transaction.internal.jdbc.JdbcTransactionFactory
2013-12-03 14:11:06,569 [main] INFO  (ASTQueryTranslatorFactory.java:48:<init>)  ASTQueryTranslatorFactory  - HHH000397: Using ASTQueryTranslatorFactory
2013-12-03 14:11:07,947 [main] INFO  (TransactionalTestExecutionListener.java:272:startNewTransaction)  TransactionalTestExecutionListener  - Began transaction (1): transaction manager [org.springframework.orm.jpa.JpaTransactionManager@18388429]; rollback [true]
2013-12-03 14:11:08,001 [main] INFO  (TransactionalTestExecutionListener.java:292:endTransaction)  TransactionalTestExecutionListener  - Rolled back transaction after test execution for test context [[TestContext@2b5043e1 testClass = CityDaoImplTest, locations = array<String>['file:src/main/webapp/WEB-INF/spring/root-context.xml'], testInstance = tc.lv.dao.implementations.CityDaoImplTest@22987efe, testMethod = findCityNameListByStatusForWhiteList@CityDaoImplTest, testException = [null]]]
2013-12-03 14:11:08,004 [main] INFO  (TransactionalTestExecutionListener.java:272:startNewTransaction)  TransactionalTestExecutionListener  - Began transaction (2): transaction manager [org.springframework.orm.jpa.JpaTransactionManager@18388429]; rollback [true]
2013-12-03 14:11:08,006 [main] INFO  (TransactionalTestExecutionListener.java:292:endTransaction)  TransactionalTestExecutionListener  - Rolled back transaction after test execution for test context [[TestContext@2b5043e1 testClass = CityDaoImplTest, locations = array<String>['file:src/main/webapp/WEB-INF/spring/root-context.xml'], testInstance = tc.lv.dao.implementations.CityDaoImplTest@4b6498ed, testMethod = findCityNameListByStatusForBlackList@CityDaoImplTest, testException = [null]]]
2013-12-03 14:11:08,009 [Thread-3] INFO  (AbstractApplicationContext.java:1020:doClose)  GenericApplicationContext  - Closing org.springframework.context.support.GenericApplicationContext@3eb6cddb: startup date [Tue Dec 03 14:10:57 EET 2013]; root of context hierarchy
2013-12-03 14:11:08,206 [Thread-3] INFO  (DefaultSingletonBeanRegistry.java:433:destroySingletons)  DefaultListableBeanFactory  - Destroying singletons in org.springframework.beans.factory.support.DefaultListableBeanFactory@35d7c7ad: defining beans [org.springframework.context.annotation.internalConfigurationAnnotationProcessor,org.springframework.context.annotation.internalAutowiredAnnotationProcessor,org.springframework.context.annotation.internalRequiredAnnotationProcessor,org.springframework.context.annotation.internalCommonAnnotationProcessor,org.springframework.context.annotation.internalPersistenceAnnotationProcessor,org.springframework.aop.config.internalAutoProxyCreator,org.springframework.transaction.annotation.AnnotationTransactionAttributeSource#0,org.springframework.transaction.interceptor.TransactionInterceptor#0,org.springframework.transaction.config.internalTransactionAdvisor,entityManagerFactory,transactionManager,cityDaoImpl,countryDaoImpl,ipAddressDaoImpl,paginationSettingsDaoImpl,sourceDaoImpl,userDaoImpl,assembler,geoIpServiceImpl,ipAddressSaveDetailsServiceImpl,ipAddressServiceImpl,ipStatusListServiceImpl,jsonServiceImpl,locationServiceImpl,paginationServiceImpl,parserResultServiceImpl,sourceDownloaderServiceImpl,sourceServiceImpl,userDetailsService,userServiceImpl,org.springframework.context.annotation.ConfigurationClassPostProcessor$ImportAwareBeanPostProcessor#0]; root of factory hierarchy
2013-12-03 14:11:08,211 [Thread-3] INFO  (AbstractEntityManagerFactoryBean.java:441:destroy)  LocalContainerEntityManagerFactoryBean  - Closing JPA EntityManagerFactory for persistence unit 'primary'
2013-12-03 14:11:08,212 [Thread-3] INFO  (DriverManagerConnectionProviderImpl.java:160:stop)  DriverManagerConnectionProviderImpl  - HHH000030: Cleaning up connection pool [jdbc:jtds:sqlserver://127.0.0.1;instance=SQLEXPRESS;DatabaseName=ip_addresses]
